
 CHEMKIN INTERPRETER OUTPUT: CHEMKIN-II Version 3.6 Apr. 1994
                              DOUBLE PRECISION

                          --------------------
                          ELEMENTS     ATOMIC
                          CONSIDERED   WEIGHT
                          --------------------
                           1. C       12.0112    
                           2. H       1.00797    
                           3. N       14.0067    
                           4. O       15.9994    
                           5. AR      39.9480    
                           6. HE      4.00260    
                          --------------------
 -------------------------------------------------------------------------------
                         C
                       P H
                       H A
                       A R
 SPECIES               S G MOLECULAR TEMPERATURE   ELEMENT COUNT
 CONSIDERED            E E WEIGHT    LOW    HIGH   C  H  N  O  AR HE 
 -------------------------------------------------------------------------------
   1. HE               G 0   4.00260  200.0 6000.0  0  0  0  0  0  1
   2. AR               G 0  39.94800  200.0 6000.0  0  0  0  0  1  0
   3. N2               G 0  28.01340  200.0 6000.0  0  0  2  0  0  0
   4. H                G 0   1.00797  298.0 6000.0  0  1  0  0  0  0
   5. H2               G 0   2.01594  298.0 3000.0  0  2  0  0  0  0
   6. HEG              G 0   1.00797  200.0 6000.0  0  1  0  0  0  0
   7. HCFG             G 0   1.00797  298.0 3000.0  0  1  0  0  0  0
   8. Halt             G 0   1.00797  200.0 6000.0  0  1  0  0  0  0
   9. O                G 0  15.99940  298.0 6000.0  0  0  0  1  0  0
  10. O2               G 0  31.99880  298.0 3000.0  0  0  0  2  0  0
  11. OH               G 0  17.00737  298.0 3000.0  0  1  0  1  0  0
  12. H2O              G 0  18.01534  298.0 3000.0  0  2  0  1  0  0
  13. HO2              G 0  33.00677  298.0 3000.0  0  1  0  2  0  0
  14. H2O2             G 0  34.01474  298.0 3000.0  0  2  0  2  0  0
  15. CO               G 0  28.01055  298.0 3000.0  1  0  0  1  0  0
  16. CO2              G 0  44.00995  298.0 3000.0  1  0  0  2  0  0
  17. HCO              G 0  29.01852  298.0 3000.0  1  1  0  1  0  0
  18. CH2O             G 0  30.02649  298.0 3000.0  1  2  0  1  0  0
  19. formyloxy        G 0  45.01792  298.0 3000.0  1  1  0  2  0  0
  20. formylperoxy     G 0  61.01732  298.0 3000.0  1  1  0  3  0  0
  21. formylooh        G 0  62.02529  298.0 3000.0  1  2  0  3  0  0
  22. C                G 0  12.01115  298.0 6000.0  1  0  0  0  0  0
  23. CH               G 0  13.01912  298.0 3000.0  1  1  0  0  0  0
  24. CH2(S)           G 0  14.02709  298.0 3000.0  1  2  0  0  0  0
  25. CH2              G 0  14.02709  298.0 3000.0  1  2  0  0  0  0
  26. CH3              G 0  15.03506  298.0 3000.0  1  3  0  0  0  0
  27. CH4              G 0  16.04303  298.0 3000.0  1  4  0  0  0  0
  28. CH3OO            G 0  47.03386  298.0 3000.0  1  3  0  2  0  0
  29. CH3OOH           G 0  48.04183  298.0 3000.0  1  4  0  2  0  0
  30. CH2OH            G 0  31.03446  298.0 3000.0  1  3  0  1  0  0
  31. CH3O             G 0  31.03446  298.0 3000.0  1  3  0  1  0  0
  32. CH3OH            G 0  32.04243  298.0 3000.0  1  4  0  1  0  0
  33. OCH2OOH          G 0  63.03326  298.0 3000.0  1  3  0  3  0  0
  34. HOCH2OO          G 0  63.03326  298.0 3000.0  1  3  0  3  0  0
  35. HOCH2OOH         G 0  64.04123  298.0 3000.0  1  4  0  3  0  0
  36. HOCH2O           G 0  47.03386  298.0 3000.0  1  3  0  2  0  0
  37. C2H2             G 0  26.03824  298.0 3000.0  2  2  0  0  0  0
  38. C2H3             G 0  27.04621  298.0 3000.0  2  3  0  0  0  0
  39. C2H4             G 0  28.05418  298.0 3000.0  2  4  0  0  0  0
  40. C2H5             G 0  29.06215  298.0 3000.0  2  5  0  0  0  0
  41. C2H6             G 0  30.07012  298.0 3000.0  2  6  0  0  0  0
  42. ketene           G 0  42.03764  298.0 3000.0  2  2  0  1  0  0
  43. HCCO             G 0  41.02967  298.0 3000.0  2  1  0  1  0  0
  44. ethynol          G 0  42.03764  298.0 3000.0  2  2  0  1  0  0
  45. acetaldehyde     G 0  44.05358  298.0 3000.0  2  4  0  1  0  0
  46. acetyl           G 0  43.04561  298.0 3000.0  2  3  0  1  0  0
  47. vinoxy           G 0  43.04561  298.0 3000.0  2  3  0  1  0  0
  48. acetylperoxy     G 0  75.04441  298.0 3000.0  2  3  0  3  0  0
  49. acetyloxy        G 0  59.04501  298.0 3000.0  2  3  0  2  0  0
  50. ethoxy           G 0  45.06155  298.0 3000.0  2  5  0  1  0  0
  51. CH3CH2OO         G 0  61.06095  298.0 3000.0  2  5  0  2  0  0
  52. CH3CH2OOH        G 0  62.06892  298.0 3000.0  2  6  0  2  0  0
  53. CH2CH2OOH        G 0  61.06095  298.0 3000.0  2  5  0  2  0  0
  54. ethanol          G 0  46.06952  298.0 3000.0  2  6  0  1  0  0
  55. CH2CH2OH         G 0  45.06155  298.0 3000.0  2  5  0  1  0  0
  56. CH3CHOH          G 0  45.06155  298.0 3000.0  2  5  0  1  0  0
  57. oxirane          G 0  44.05358  298.0 3000.0  2  4  0  1  0  0
  58. oxiranyl         G 0  43.04561  298.0 3000.0  2  3  0  1  0  0
  59. ethenol          G 0  44.05358  298.0 3000.0  2  4  0  1  0  0
  60. C3H6             G 0  42.08127  298.0 3000.0  3  6  0  0  0  0
  61. npropyl          G 0  43.08924  298.0 3000.0  3  7  0  0  0  0
  62. ipropyl          G 0  43.08924  298.0 3000.0  3  7  0  0  0  0
  63. C3H8             G 0  44.09721  298.0 3000.0  3  8  0  0  0  0
  64. allyl            G 0  41.07330  298.0 3000.0  3  5  0  0  0  0
  65. propen1yl        G 0  41.07330  298.0 3000.0  3  5  0  0  0  0
  66. propen2yl        G 0  41.07330  298.0 3000.0  3  5  0  0  0  0
  67. acetone          G 0  58.08067  298.0 3000.0  3  6  0  1  0  0
  68. CH3OCH3          G 0  46.06952  298.0 3000.0  2  6  0  1  0  0
  69. CH3OCH2          G 0  45.06155  298.0 3000.0  2  5  0  1  0  0
  70. acrolein         G 0  56.06473  298.0 3000.0  3  4  0  1  0  0
  71. CH2CHCO          G 0  55.05676  298.0 3000.0  3  3  0  1  0  0
  72. CH3CHCO          G 0  56.06473  298.0 3000.0  3  4  0  1  0  0
  73. allyloxy         G 0  57.07270  298.0 3000.0  3  5  0  1  0  0
  74. allyl-alcohol    G 0  58.08067  298.0 3000.0  3  6  0  1  0  0
  75. propanal         G 0  58.08067  298.0 3000.0  3  6  0  1  0  0
  76. propionyl        G 0  57.07270  298.0 3000.0  3  5  0  1  0  0
  77. npropyloxy       G 0  59.08864  298.0 3000.0  3  7  0  1  0  0
  78. ipropyloxy       G 0  59.08864  298.0 3000.0  3  7  0  1  0  0
  79. npropyloo        G 0  75.08804  298.0 3000.0  3  7  0  2  0  0
  80. npropylooh       G 0  76.09601  298.0 3000.0  3  8  0  2  0  0
  81. ipropyloo        G 0  75.08804  298.0 3000.0  3  7  0  2  0  0
  82. ipropylooh       G 0  76.09601  298.0 3000.0  3  8  0  2  0  0
  83. propen1ol        G 0  58.08067  298.0 3000.0  3  6  0  1  0  0
  84. propen2ol        G 0  58.08067  298.0 3000.0  3  6  0  1  0  0
  85. CH3CO3H          G 0  76.05238  300.0 5000.0  2  4  0  3  0  0
  86. O2C2H4OH         G 0  77.06035  300.0 5000.0  2  5  0  3  0  0
  87. propoxide        G 0  58.08067  298.0 3000.0  3  6  0  1  0  0
  88. QOOH_1           G 0  75.08804  298.0 3000.0  3  7  0  2  0  0
  89. QOOH_2           G 0  75.08804  298.0 3000.0  3  7  0  2  0  0
  90. QOOH_3           G 0  75.08804  298.0 3000.0  3  7  0  2  0  0
  91. well_1           G 0 107.08684  298.0 3000.0  3  7  0  4  0  0
  92. well_2           G 0 107.08684  298.0 3000.0  3  7  0  4  0  0
  93. well_3           G 0 107.08684  298.0 3000.0  3  7  0  4  0  0
  94. well_5           G 0 107.08684  298.0 3000.0  3  7  0  4  0  0
  95. prod_1           G 0  90.07947  298.0 3000.0  3  6  0  3  0  0
  96. prod_2           G 0  74.08007  298.0 3000.0  3  6  0  2  0  0
  97. prod_3           G 0  90.07947  298.0 3000.0  3  6  0  3  0  0
  98. prod_4           G 0  90.07947  298.0 3000.0  3  6  0  3  0  0
  99. prod_5           G 0  90.07947  298.0 3000.0  3  6  0  3  0  0
 100. prod_6           G 0  74.08007  298.0 3000.0  3  6  0  2  0  0
 101. prod_7           G 0  74.08007  298.0 3000.0  3  6  0  2  0  0
 102. frag_1           G 0  73.07210  298.0 3000.0  3  5  0  2  0  0
 103. frag_3           G 0  73.07210  298.0 3000.0  3  5  0  2  0  0
 104. frag_4           G 0  73.07210  298.0 3000.0  3  5  0  2  0  0
 105. frag_5           G 0  73.07210  298.0 3000.0  3  5  0  2  0  0
 106. propen1oxy       G 0  57.07270  298.0 3000.0  3  5  0  1  0  0
 107. propen2oxy       G 0  57.07270  298.0 3000.0  3  5  0  1  0  0
 108. glyoxal          G 0  58.03704  298.0 3000.0  2  2  0  2  0  0
 109. vinoxylmethyl    G 0  57.07270  298.0 3000.0  3  5  0  1  0  0
 110. formylethyl      G 0  57.07270  298.0 3000.0  3  5  0  1  0  0
 -------------------------------------------------------------------------------



                                                      (k = A T**b exp(-E/RT))
      REACTIONS CONSIDERED                              A        b        E

   1. H+O2=O+OH                                     3.55E+15   -0.4    16599.0
   2. O+H2=H+OH                                     5.08E+04    2.7     6290.0
   3. H2+OH=H2O+H                                   2.16E+08    1.5     3430.0
   4. O+H2O=OH+OH                                   2.97E+06    2.0    13400.0
   5. H2+M=H+H+M                                    4.58E+19   -1.4   104380.0
         H2               Enhanced by    2.500E+00
         H2O              Enhanced by    1.200E+01
         CO               Enhanced by    1.900E+00
         CO2              Enhanced by    3.800E+00
         AR               Enhanced by    0.000E+00
         HE               Enhanced by    0.000E+00
   6. H2+AR=H+H+AR                                  5.84E+18   -1.1   104380.0
   7. H2+HE=H+H+HE                                  5.84E+18   -1.1   104380.0
   8. O+O+M=O2+M                                    6.16E+15   -0.5        0.0
         H2               Enhanced by    2.500E+00
         H2O              Enhanced by    1.200E+01
         AR               Enhanced by    0.000E+00
         HE               Enhanced by    0.000E+00
         CO               Enhanced by    1.900E+00
         CO2              Enhanced by    3.800E+00
   9. O+O+AR=O2+AR                                  1.89E+13    0.0    -1788.0
  10. O+O+HE=O2+HE                                  1.89E+13    0.0    -1788.0
  11. O+H+M=OH+M                                    4.71E+18   -1.0        0.0
         H2               Enhanced by    2.500E+00
         H2O              Enhanced by    1.200E+01
         AR               Enhanced by    7.500E-01
         HE               Enhanced by    7.500E-01
         CO               Enhanced by    1.900E+00
         CO2              Enhanced by    3.800E+00
  12. H+OH+M=H2O+M                                  3.80E+22   -2.0        0.0
         H2               Enhanced by    2.500E+00
         H2O              Enhanced by    1.200E+01
         AR               Enhanced by    3.800E-01
         HE               Enhanced by    3.800E-01
         CO               Enhanced by    1.900E+00
         CO2              Enhanced by    3.800E+00
  13. H+O2(+M)=HO2(+M)                              1.48E+12    0.6        0.0
      Low pressure limit:  0.63660E+21 -0.17200E+01  0.52480E+03
      TROE centering:      0.80000E+00  0.10000E-29  0.10000E+31
         H2               Enhanced by    2.000E+00
         H2O              Enhanced by    1.100E+01
         O2               Enhanced by    7.800E-01
         CO               Enhanced by    1.900E+00
         CO2              Enhanced by    3.800E+00
  14. HO2+H=H2+O2                                   1.66E+13    0.0      823.0
  15. HO2+H=OH+OH                                   7.08E+13    0.0      295.0
  16. HO2+O=O2+OH                                   3.25E+13    0.0        0.0
  17. HO2+OH=H2O+O2                                 2.89E+13    0.0     -497.0
  18. HO2+HO2=H2O2+O2                               4.20E+14    0.0    11982.0
      Declared duplicate reaction...
  19. HO2+HO2=H2O2+O2                               1.30E+11    0.0    -1629.3
      Declared duplicate reaction...
  20. H2O2(+M)=OH+OH(+M)                            2.95E+14    0.0    48430.0
      Low pressure limit:  0.12020E+18  0.00000E+00  0.45500E+05
      TROE centering:      0.50000E+00  0.10000E-29  0.10000E+31
         H2               Enhanced by    2.500E+00
         H2O              Enhanced by    1.200E+01
         CO               Enhanced by    1.900E+00
         CO2              Enhanced by    3.800E+00
         AR               Enhanced by    6.400E-01
         HE               Enhanced by    6.400E-01
  21. H2O2+H=H2O+OH                                 2.41E+13    0.0     3970.0
  22. H2O2+H=HO2+H2                                 4.82E+13    0.0     7950.0
  23. H2O2+O=OH+HO2                                 9.55E+06    2.0     3970.0
  24. H2O2+OH=HO2+H2O                               1.00E+12    0.0        0.0
      Declared duplicate reaction...
  25. H2O2+OH=HO2+H2O                               5.80E+14    0.0     9557.0
      Declared duplicate reaction...
  26. CO+O(+M)=CO2(+M)                              1.80E+10    0.0     2384.0
      Low pressure limit:  0.15500E+25 -0.27900E+01  0.41910E+04
         H2               Enhanced by    2.500E+00
         H2O              Enhanced by    1.200E+01
         AR               Enhanced by    8.700E-01
         CO               Enhanced by    1.900E+00
         CO2              Enhanced by    3.800E+00
  27. CO+O2=CO2+O                                   2.53E+12    0.0    47700.0
  28. CO+HO2=CO2+OH                                 3.01E+13    0.0    23000.0
  29. CO+OH=CO2+H                                   2.23E+05    1.9    -1158.7
  30. HCO+M=H+CO+M                                  4.75E+11    0.7    14874.0
         H2               Enhanced by    2.500E+00
         H2O              Enhanced by    6.000E+00
         CO               Enhanced by    1.900E+00
         CO2              Enhanced by    3.800E+00
  31. HCO+O2=CO+HO2                                 7.58E+12    0.0      410.0
  32. HCO+H=CO+H2                                   7.23E+13    0.0        0.0
  33. HCO+O=CO+OH                                   3.02E+13    0.0        0.0
  34. HCO+OH=CO+H2O                                 3.02E+13    0.0        0.0
  35. HCO+O=CO2+H                                   3.00E+13    0.0        0.0
  36. HCO+HO2=CO2+OH+H                              3.00E+13    0.0        0.0
  37. HCO+CH3=CO+CH4                                2.65E+13    0.0        0.0
  38. HCO+HCO=H2+CO+CO                              3.00E+12    0.0        0.0
  39. HCO+HCO=CH2O+CO                               3.00E+13    0.0        0.0
  40. HCO+O2=formylperoxy                           1.20E+11    0.0    -1100.0
  41. CH2O+formylperoxy=HCO+formylooh               1.99E+12    0.0    11660.0
  42. formylooh=formyloxy+OH                        5.01E+14    0.0    40150.0
  43. H+CO2+M=formyloxy+M                           7.50E+13    0.0    29000.0
  44. CH2O+M=HCO+H+M                                3.30E+39   -6.3    99900.0
         H2               Enhanced by    2.500E+00
         H2O              Enhanced by    1.200E+01
         CO               Enhanced by    1.900E+00
         CO2              Enhanced by    3.800E+00
         AR               Enhanced by    7.000E-01
  45. CH2O+M=CO+H2+M                                3.10E+45   -8.0    97510.0
         H2               Enhanced by    2.500E+00
         H2O              Enhanced by    1.200E+01
         CO               Enhanced by    1.900E+00
         CO2              Enhanced by    3.800E+00
         AR               Enhanced by    7.000E-01
  46. CH2O+H=HCO+H2                                 5.74E+07    1.9     2748.6
  47. CH2O+O=HCO+OH                                 1.81E+13    0.0     3080.0
  48. CH2O+OH=HCO+H2O                               3.43E+09    1.2     -447.0
  49. CH2O+O2=HCO+HO2                               1.23E+06    3.0    52000.0
  50. CH2O+HO2=HCO+H2O2                             4.11E+04    2.5    10210.0
  51. CH2O+CH3=HCO+CH4                              3.64E-06    5.4      998.0
  52. CH2O+HO2=OCH2OOH                              1.50E+11    0.0    11900.0
  53. OCH2OOH=HOCH2OO                               3.00E+11    0.0     8600.0
  54. HOCH2OO+HO2=HOCH2OOH+O2                       3.50E+10    0.0    -3275.0
  55. HOCH2O+OH=HOCH2OOH                            1.00E+13    0.0        0.0
  56. CH3+O=CH2O+H                                  8.43E+13    0.0        0.0
  57. CH3+O2=CH3O+O                                 1.99E+18   -1.6    29230.0
  58. CH3+HO2=CH3O+OH                               1.00E+12    0.3     -687.1
  59. CH3+HO2=CH4+O2                                1.19E+05    2.2    -3020.5
  60. CH3+CH3(+M)=C2H6(+M)                          2.28E+15   -0.7      174.9
      Low pressure limit:  0.80540E+32 -0.37500E+01  0.98160E+03
      TROE centering:      0.00000E+00  0.57000E+03  0.00000E+00  0.10000E+31
         H2O              Enhanced by    5.000E+00
         CO               Enhanced by    2.000E+00
         CO2              Enhanced by    3.000E+00
  61. CH3+H(+M)=CH4(+M)                             1.27E+16   -0.6      383.0
      Low pressure limit:  0.24770E+34 -0.47600E+01  0.24400E+04
      TROE centering:      0.78300E+00  0.74000E+02  0.29410E+04  0.69640E+04
         H2               Enhanced by    2.000E+00
         H2O              Enhanced by    6.000E+00
         CH4              Enhanced by    2.000E+00
         CO               Enhanced by    1.500E+00
         CO2              Enhanced by    2.000E+00
         C2H6             Enhanced by    3.000E+00
         AR               Enhanced by    7.000E-01
  62. CH4+H=CH3+H2                                  5.47E+07    2.0    11210.0
  63. CH4+O=CH3+OH                                  3.15E+12    0.5    10290.0
  64. CH4+OH=CH3+H2O                                5.72E+06    2.0     2639.0
  65. CH4+HO2=CH3+H2O2                              1.81E+11    0.0    18580.0
  66. CH3+CH3OH=CH4+CH3O                            1.44E+01    3.1     6935.0
  67. CH3O+CH3=CH2O+CH4                             1.20E+13    0.0        0.0
  68. CH3O+H=CH2O+H2                                2.00E+13    0.0        0.0
  69. CH3+O2(+M)=CH3OO(+M)                          1.01E+08    1.6        0.0
      Low pressure limit:  0.38160E+32 -0.48900E+01  0.34320E+04
      TROE centering:      0.45000E-01  0.88010E+03  0.25000E+10  0.17860E+10
  70. CH3OO+CH2O=CH3OOH+HCO                         1.99E+12    0.0    11660.0
  71. CH4+CH3OO=CH3+CH3OOH                          1.81E+11    0.0    18480.0
  72. CH3OH+CH3OO=CH2OH+CH3OOH                      1.81E+12    0.0    13710.0
  73. CH3OO+CH3=CH3O+CH3O                           5.08E+12    0.0    -1411.0
  74. CH3OO+HO2=CH3OOH+O2                           2.47E+11    0.0    -1570.0
  75. CH3OO+CH3OO=CH2O+CH3OH+O2                     3.11E+14   -1.6    -1051.0
  76. CH3OO+CH3OO=O2+CH3O+CH3O                      1.40E+16   -1.6     1860.0
  77. CH3OO+H=CH3O+OH                               9.60E+13    0.0        0.0
  78. CH3OO+O=CH3O+O2                               3.60E+13    0.0        0.0
  79. CH3OO+OH=CH3OH+O2                             6.00E+13    0.0        0.0
  80. CH3OOH=CH3O+OH                                6.31E+14    0.0    42300.0
  81. CH2OH+M=CH2O+H+M                              1.00E+14    0.0    25100.0
  82. CH2OH+H=CH2O+H2                               6.00E+12    0.0        0.0
  83. CH2OH+H=CH3+OH                                9.64E+13    0.0        0.0
  84. CH2OH+O=CH2O+OH                               4.20E+13    0.0        0.0
  85. CH2OH+OH=CH2O+H2O                             2.40E+13    0.0        0.0
  86. CH2OH+O2=CH2O+HO2                             2.41E+14    0.0     5017.0
      Declared duplicate reaction...
  87. CH2OH+O2=CH2O+HO2                             1.51E+15   -1.0        0.0
      Declared duplicate reaction...
  88. CH2OH+HO2=CH2O+H2O2                           1.20E+13    0.0        0.0
  89. CH2OH+HCO=CH3OH+CO                            1.00E+13    0.0        0.0
  90. CH2OH+HCO=CH2O+CH2O                           1.50E+13    0.0        0.0
  91. 2CH2OH=CH3OH+CH2O                             3.00E+12    0.0        0.0
  92. CH2OH+CH3O=CH3OH+CH2O                         2.40E+13    0.0        0.0
  93. CH2OH+HO2=HOCH2O+OH                           1.00E+13    0.0        0.0
  94. CH3O+M=CH2O+H+M                               8.30E+17   -1.2    15500.0
  95. CH3O+H=CH3+OH                                 3.20E+13    0.0        0.0
  96. CH3O+O=CH2O+OH                                6.00E+12    0.0        0.0
  97. CH3O+OH=CH2O+H2O                              1.80E+13    0.0        0.0
  98. CH3O+O2=CH2O+HO2                              9.03E+13    0.0    11980.0
      Declared duplicate reaction...
  99. CH3O+O2=CH2O+HO2                              2.20E+10    0.0     1748.0
      Declared duplicate reaction...
 100. CH3O+HO2=CH2O+H2O2                            3.00E+11    0.0        0.0
 101. CH3O+CO=CH3+CO2                               1.60E+13    0.0    11800.0
 102. CH3O+HCO=CH3OH+CO                             9.00E+13    0.0        0.0
 103. 2CH3O=CH3OH+CH2O                              6.00E+13    0.0        0.0
 104. OH+CH3(+M)=CH3OH(+M)                          2.79E+18   -1.4     1330.0
      Low pressure limit:  0.40000E+37 -0.59200E+01  0.31400E+04
      TROE centering:      0.41200E+00  0.19500E+03  0.59000E+04  0.63940E+04
         H2               Enhanced by    2.000E+00
         H2O              Enhanced by    6.000E+00
         CH4              Enhanced by    2.000E+00
         CO               Enhanced by    1.500E+00
         CO2              Enhanced by    2.000E+00
         C2H6             Enhanced by    3.000E+00
 105. H+CH2OH(+M)=CH3OH(+M)                         1.06E+12    0.5       86.0
      Low pressure limit:  0.43600E+32 -0.46500E+01  0.50800E+04
      TROE centering:      0.60000E+00  0.10000E+03  0.90000E+05  0.10000E+05
         H2               Enhanced by    2.000E+00
         H2O              Enhanced by    6.000E+00
         CH4              Enhanced by    2.000E+00
         CO               Enhanced by    1.500E+00
         CO2              Enhanced by    2.000E+00
         C2H6             Enhanced by    3.000E+00
 106. H+CH3O(+M)=CH3OH(+M)                          2.43E+12    0.5       50.0
      Low pressure limit:  0.46600E+42 -0.74400E+01  0.14080E+05
      TROE centering:      0.70000E+00  0.10000E+03  0.90000E+05  0.10000E+05
         H2               Enhanced by    2.000E+00
         H2O              Enhanced by    6.000E+00
         CH4              Enhanced by    2.000E+00
         CO               Enhanced by    1.500E+00
         CO2              Enhanced by    2.000E+00
         C2H6             Enhanced by    3.000E+00
 107. CH3OH+H=CH2OH+H2                              3.20E+13    0.0     6095.0
 108. CH3OH+H=CH3O+H2                               8.00E+12    0.0     6095.0
 109. CH3OH+O=CH2OH+OH                              3.88E+05    2.5     3080.0
 110. CH3OH+OH=CH3O+H2O                             1.00E+06    2.1      496.7
 111. CH3OH+OH=CH2OH+H2O                            7.10E+06    1.8     -596.0
 112. CH3OH+O2=CH2OH+HO2                            2.05E+13    0.0    44900.0
 113. CH3OH+HCO=CH2OH+CH2O                          9.64E+03    2.9    13110.0
 114. CH3OH+HO2=CH2OH+H2O2                          3.98E+13    0.0    19400.0
 115. CH3OH+CH3=CH2OH+CH4                           3.19E+01    3.2     7172.0
 116. CH3O+CH3OH=CH3OH+CH2OH                        3.00E+11    0.0     4060.0
 117. CH3+CH3=H+C2H5                                4.99E+12    0.1    10600.0
 118. CH4+CH2=CH3+CH3                               2.46E+06    2.0     8270.0
 119. CH3+OH=CH2+H2O                                5.60E+07    1.6     5420.0
 120. CH3+CH2=C2H4+H                                4.00E+13    0.0        0.0
 121. CH2+H(+M)=CH3(+M)                             2.50E+16   -0.8        0.0
      Low pressure limit:  0.32000E+28 -0.31400E+01  0.12300E+04
      TROE centering:      0.68000E+00  0.78000E+02  0.19950E+04  0.55900E+04
         H2               Enhanced by    2.000E+00
         H2O              Enhanced by    6.000E+00
         CH4              Enhanced by    2.000E+00
         CO               Enhanced by    1.500E+00
         CO2              Enhanced by    2.000E+00
         C2H6             Enhanced by    3.000E+00
         AR               Enhanced by    7.000E-01
 122. CH2+O=HCO+H                                   8.00E+13    0.0        0.0
 123. CH2+OH=CH2O+H                                 2.00E+13    0.0        0.0
 124. CH2+H2=H+CH3                                  5.00E+05    2.0     7230.0
 125. CH2+O2=HCO+OH                                 1.32E+13    0.0     1500.0
 126. CH2+HO2=CH2O+OH                               2.00E+13    0.0        0.0
 127. CH2+CO(+M)=ketene(+M)                         8.10E+11    0.5     4510.0
      Low pressure limit:  0.26900E+34 -0.51100E+01  0.70950E+04
      TROE centering:      0.59070E+00  0.27500E+03  0.12260E+04  0.51850E+04
         H2               Enhanced by    2.000E+00
         H2O              Enhanced by    6.000E+00
         CH4              Enhanced by    2.000E+00
         CO               Enhanced by    1.500E+00
         CO2              Enhanced by    2.000E+00
         C2H6             Enhanced by    3.000E+00
         AR               Enhanced by    7.000E-01
 128. CH2+CH2=C2H2+H2                               3.20E+13    0.0        0.0
 129. CH2(S)+M=CH2+M                                9.00E+12    0.0      600.0
         H2O              Enhanced by    0.000E+00
         CO               Enhanced by    0.000E+00
         CO2              Enhanced by    0.000E+00
         AR               Enhanced by    0.000E+00
 130. CH2(S)+H2O=CH2+H2O                            3.00E+13    0.0        0.0
 131. CH2(S)+CO=CH2+CO                              9.00E+12    0.0        0.0
 132. CH2(S)+CO2=CH2+CO2                            7.00E+12    0.0        0.0
 133. CH2(S)+AR=CH2+AR                              9.00E+12    0.0      600.0
 134. CH2(S)+O=CO+H2                                1.50E+13    0.0        0.0
 135. CH2(S)+O=HCO+H                                1.50E+13    0.0        0.0
 136. CH2(S)+OH=CH2O+H                              3.00E+13    0.0        0.0
 137. CH2(S)+H2=CH3+H                               7.00E+13    0.0        0.0
 138. CH2(S)+O2=H+OH+CO                             2.80E+13    0.0        0.0
 139. CH2(S)+O2=CO+H2O                              1.20E+13    0.0        0.0
 140. CH2(S)+CO2=CH2O+CO                            1.40E+13    0.0        0.0
 141. CH2(S)+C2H6=CH3+C2H5                          1.20E+14    0.0        0.0
 142. CH2(S)+ketene=C2H4+CO                         1.60E+14    0.0        0.0
 143. H+HCCO=CH2(S)+CO                              1.10E+13    0.0        0.0
 144. CH2(S)+H<=>CH+H2                              3.00E+13    0.0        0.0
 145. CH2+H<=>CH+H2                                 1.00E+18   -1.6        0.0
      Declared duplicate reaction...
 146. CH2+OH<=>CH+H2O                               1.13E+07    2.0     3000.0
 147. CH+O2<=>HCO+O                                 3.30E+13    0.0        0.0
 148. CH+H<=>C+H2                                   5.00E+13    0.0        0.0
 149. CH+O<=>CO+H                                   5.70E+13    0.0        0.0
 150. CH+OH<=>HCO+H                                 3.00E+13    0.0        0.0
 151. CH2+H<=>CH+H2                                 2.70E+11    0.7    25700.0
      Declared duplicate reaction...
 152. CH+H2O<=>H+CH2O                               1.71E+13    0.0     -755.0
 153. CH+CO2<=>HCO+CO                               1.70E+12    0.0      685.0
 154. HCCO+M=CH+CO+M                                6.50E+15    0.0    58820.0
 155. CH+CH2O=H+ketene                              9.46E+13    0.0     -515.0
 156. CH+HCCO=CO+C2H2                               5.00E+13    0.0        0.0
 157. CH+CH4=C2H4+H                                 6.00E+13    0.0        0.0
 158. C2H6+CH=C2H5+CH2                              1.10E+14    0.0     -260.0
 159. C2H5+H(+M)=C2H6(+M)                           5.21E+17   -1.0     1580.0
      Low pressure limit:  0.19900E+42 -0.70800E+01  0.66850E+04
      TROE centering:      0.84200E+00  0.12500E+03  0.22190E+04  0.68820E+04
         H2               Enhanced by    2.000E+00
         H2O              Enhanced by    6.000E+00
         AR               Enhanced by    7.000E-01
         CO               Enhanced by    1.500E+00
         CO2              Enhanced by    2.000E+00
         CH4              Enhanced by    2.000E+00
         C2H6             Enhanced by    3.000E+00
         HE               Enhanced by    7.000E-01
 160. C2H6+H=C2H5+H2                                1.15E+08    1.9     7530.0
 161. C2H6+O=C2H5+OH                                3.55E+06    2.4     5830.0
 162. C2H6+OH=C2H5+H2O                              1.48E+07    1.9      950.0
 163. C2H6+O2=C2H5+HO2                              6.03E+13    0.0    51870.0
 164. C2H6+CH3=C2H5+CH4                             1.51E-07    6.0     6047.0
 165. C2H6+HO2=C2H5+H2O2                            3.46E+01    3.6    16920.0
 166. C2H6+CH3OO=C2H5+CH3OOH                        1.94E+01    3.6    17100.0
 167. C2H6+CH3O=C2H5+CH3OH                          2.41E+11    0.0     7090.0
 168. H+C2H4(+M)=C2H5(+M)                           8.10E+11    0.5     1820.0
      Low pressure limit:  0.90000E+42 -0.76200E+01  0.69700E+04
      TROE centering:      0.97530E+00  0.21000E+03  0.98400E+03  0.43740E+04
         H2               Enhanced by    2.000E+00
         H2O              Enhanced by    6.000E+00
         AR               Enhanced by    7.000E-01
         CO               Enhanced by    1.500E+00
         CO2              Enhanced by    2.000E+00
         CH4              Enhanced by    2.000E+00
         C2H6             Enhanced by    3.000E+00
         HE               Enhanced by    7.000E-01
 169. H2+CH3OO=H+CH3OOH                             1.50E+14    0.0    26030.0
 170. H2+CH3CH2OO=H+CH3CH2OOH                       1.50E+14    0.0    26030.0
 171. C2H4+C2H4=C2H5+C2H3                           4.82E+14    0.0    71530.0
 172. CH3+C2H5=CH4+C2H4                             1.18E+04    2.5    -2921.0
 173. C2H5+H=C2H4+H2                                2.00E+12    0.0        0.0
 174. C2H5+O=acetaldehyde+H                         1.10E+14    0.0        0.0
 175. C2H5+HO2=ethoxy+OH                            1.00E+12    0.3     -687.1
 176. CH3OO+C2H5=CH3O+ethoxy                        8.00E+12    0.0    -1000.0
 177. ethoxy+O2=acetaldehyde+HO2                    4.28E+10    0.0     1097.0
 178. CH3+CH2O=ethoxy                               3.00E+11    0.0     6336.0
 179. acetaldehyde+H=ethoxy                         8.00E+12    0.0     6400.0
 180. C2H5+O2=CH3CH2OO                              2.88E+56  -13.8    14620.0
 181. CH3CH2OO+CH2O=CH3CH2OOH+HCO                   1.99E+12    0.0    11660.0
 182. CH4+CH3CH2OO=CH3+CH3CH2OOH                    1.81E+11    0.0    18480.0
 183. CH3OH+CH3CH2OO=CH2OH+CH3CH2OOH                1.81E+12    0.0    13710.0
 184. CH3CH2OO+HO2=CH3CH2OOH+O2                     1.75E+10    0.0    -3275.0
 185. C2H6+CH3CH2OO=C2H5+CH3CH2OOH                  8.60E+00    3.8    17200.0
 186. CH3CH2OOH=ethoxy+OH                           6.31E+14    0.0    42300.0
 187. C2H5+O2=CH2CH2OOH                             1.81E+45  -11.5    14600.0
 188. C2H5+O2=C2H4+HO2                              7.56E+14   -1.0     4749.0
      Declared duplicate reaction...
 189. C2H5+O2=C2H4+HO2                              4.00E-01    3.9    13620.0
      Declared duplicate reaction...
 190. C2H5+O2=oxirane+OH                            1.63E+11   -0.3     6150.0
 191. C2H5+O2=acetaldehyde+OH                       8.26E+02    2.4     5285.0
 192. CH2CH2OOH=CH3CH2OO                            1.20E+36   -8.1    27020.0
 193. CH3CH2OO=acetaldehyde+OH                      2.52E+41  -10.2    43710.0
 194. CH3CH2OO=C2H4+HO2                             1.82E+38   -8.4    37890.0
 195. CH3CH2OO=oxirane+OH                           4.00E+43  -10.5    45580.0
 196. CH2CH2OOH=oxirane+OH                          8.85E+30   -6.1    20660.0
 197. CH2CH2OOH=C2H4+HO2                            3.98E+34   -7.2    23250.0
 198. CH2CH2OOH=acetaldehyde+OH                     1.19E+34   -9.0    29210.0
 199. oxirane=CH3+HCO                               3.63E+13    0.0    57200.0
 200. oxirane=acetaldehyde                          7.41E+12    0.0    53800.0
 201. oxirane+OH=oxiranyl+H2O                       1.78E+13    0.0     3610.0
 202. oxirane+H=oxiranyl+H2                         8.00E+13    0.0     9680.0
 203. oxirane+HO2=oxiranyl+H2O2                     1.13E+13    0.0    30430.0
 204. oxirane+CH3OO=oxiranyl+CH3OOH                 1.13E+13    0.0    30430.0
 205. oxirane+CH3CH2OO=oxiranyl+CH3CH2OOH           1.13E+13    0.0    30430.0
 206. oxirane+CH3=oxiranyl+CH4                      1.07E+12    0.0    11830.0
 207. oxirane+CH3O=oxiranyl+CH3OH                   1.20E+11    0.0     6750.0
 208. oxiranyl=acetyl                               8.50E+14    0.0    14000.0
 209. oxiranyl=vinoxy                               1.00E+14    0.0    14000.0
 210. CH3+HCO=acetaldehyde                          1.75E+13    0.0        0.0
 211. acetaldehyde+H=acetyl+H2                      1.11E+13    0.0     3110.0
 212. acetaldehyde+O=acetyl+OH                      5.94E+12    0.0     1868.0
 213. acetaldehyde+OH=acetyl+H2O                    2.00E+06    1.8     1300.0
 214. acetaldehyde+O2=acetyl+HO2                    3.01E+13    0.0    39150.0
 215. acetaldehyde+CH3=acetyl+CH4                   1.76E+03    2.8     4950.0
 216. acetaldehyde+HO2=acetyl+H2O2                  3.01E+12    0.0    11920.0
 217. CH3OO+acetaldehyde=CH3OOH+acetyl              3.01E+12    0.0    11920.0
 218. acetaldehyde+acetylperoxy=acetyl+CH3CO3H      3.01E+12    0.0    11920.0
 219. acetaldehyde+OH=vinoxy+H2O                    1.72E+05    2.4      815.0
 220. acetyl(+M)=CH3+CO(+M)                         3.00E+12    0.0    16720.0
      Low pressure limit:  0.12000E+16  0.00000E+00  0.12518E+05
 221. acetyl+H=ketene+H2                            2.00E+13    0.0        0.0
 222. acetyl+O=ketene+OH                            2.00E+13    0.0        0.0
 223. acetyl+CH3=ketene+CH4                         5.00E+13    0.0        0.0
 224. acetyl+O2=acetylperoxy                        1.20E+11    0.0    -1100.0
 225. acetylperoxy+HO2=CH3CO3H+O2                   1.75E+10    0.0    -3275.0
 226. H2O2+acetylperoxy=HO2+CH3CO3H                 2.41E+12    0.0     9936.0
 227. CH4+acetylperoxy=CH3+CH3CO3H                  1.81E+11    0.0    18480.0
 228. CH2O+acetylperoxy=HCO+CH3CO3H                 1.99E+12    0.0    11660.0
 229. C2H6+acetylperoxy=C2H5+CH3CO3H                1.70E+13    0.0    20460.0
 230. CH3CO3H=acetyloxy+OH                          5.01E+14    0.0    40150.0
 231. acetyloxy+M=CH3+CO2+M                         4.40E+15    0.0    10500.0
 232. ketene+H=vinoxy                               5.00E+13    0.0    12300.0
 233. vinoxy+O2=CH2O+CO+OH                          2.00E+13    0.0     4200.0
 234. ketene+H=CH3+CO                               1.10E+13    0.0     3400.0
 235. ketene+H=HCCO+H2                              2.00E+14    0.0     8000.0
 236. ketene+O=CH2+CO2                              1.75E+12    0.0     1350.0
 237. ketene+O=HCCO+OH                              1.00E+13    0.0     8000.0
 238. ketene+OH=HCCO+H2O                            1.00E+13    0.0     2000.0
 239. ketene+OH=CH2OH+CO                            2.00E+12    0.0    -1010.0
 240. HCCO+OH=H2+CO+CO                              1.00E+14    0.0        0.0
 241. HCCO+O=H+CO+CO                                8.00E+13    0.0        0.0
 242. HCCO+O2=OH+CO+CO                              4.20E+10    0.0      850.0
 243. C2H3+H(+M)=C2H4(+M)                           1.36E+14    0.2      660.0
      Low pressure limit:  0.14000E+31 -0.38600E+01  0.33200E+04
      TROE centering:      0.78200E+00  0.20750E+03  0.26630E+04  0.60950E+04
         H2               Enhanced by    2.000E+00
         H2O              Enhanced by    6.000E+00
         AR               Enhanced by    7.000E-01
         CO               Enhanced by    1.500E+00
         CO2              Enhanced by    2.000E+00
         CH4              Enhanced by    2.000E+00
         C2H6             Enhanced by    3.000E+00
         HE               Enhanced by    7.000E-01
 244. C2H4(+M)=C2H2+H2(+M)                          8.00E+12    0.4    88770.0
      Low pressure limit:  0.15800E+52 -0.93000E+01  0.97800E+05
      TROE centering:      0.73500E+00  0.18000E+03  0.10350E+04  0.54170E+04
         H2               Enhanced by    2.000E+00
         H2O              Enhanced by    6.000E+00
         AR               Enhanced by    7.000E-01
         CO               Enhanced by    1.500E+00
         CO2              Enhanced by    2.000E+00
         CH4              Enhanced by    2.000E+00
         C2H6             Enhanced by    3.000E+00
         HE               Enhanced by    7.000E-01
 245. C2H4+H=C2H3+H2                                5.07E+07    1.9    12950.0
 246. C2H4+O=CH3+HCO                                8.56E+06    1.9      183.0
 247. C2H4+O=vinoxy+H                               4.99E+06    1.9      183.0
 248. C2H4+OH=C2H3+H2O                              1.80E+06    2.0     2500.0
 249. C2H4+CH3=C2H3+CH4                             6.62E+00    3.7     9500.0
 250. C2H4+O2=C2H3+HO2                              4.00E+13    0.0    58200.0
 251. C2H4+CH3O=C2H3+CH3OH                          1.20E+11    0.0     6750.0
 252. C2H4+CH3OO=C2H3+CH3OOH                        2.23E+12    0.0    17190.0
 253. C2H4+CH3CH2OO=C2H3+CH3CH2OOH                  2.23E+12    0.0    17190.0
 254. C2H4+acetylperoxy=C2H3+CH3CO3H                1.13E+13    0.0    30430.0
 255. C2H4+CH3OO=oxirane+CH3O                       2.82E+12    0.0    17110.0
 256. C2H4+CH3CH2OO=oxirane+ethoxy                  2.82E+12    0.0    17110.0
 257. C2H4+HO2=oxirane+OH                           2.23E+12    0.0    17190.0
 258. C2H2+H(+M)=C2H3(+M)                           5.60E+12    0.0     2400.0
      Low pressure limit:  0.38000E+41 -0.72700E+01  0.72200E+04
      TROE centering:      0.75100E+00  0.98500E+02  0.13020E+04  0.41670E+04
         H2               Enhanced by    2.000E+00
         H2O              Enhanced by    6.000E+00
         AR               Enhanced by    7.000E-01
         CO               Enhanced by    1.500E+00
         CO2              Enhanced by    2.000E+00
         CH4              Enhanced by    2.000E+00
         C2H6             Enhanced by    3.000E+00
         HE               Enhanced by    7.000E-01
 259. C2H3+O2=HCO+CH2O                              4.58E+16   -1.4     1015.0
 260. C2H3+O2=HO2+C2H2                              1.34E+06    1.6     -384.0
 261. C2H3+O2=O+vinoxy                              1.00E+11    0.3       11.0
 262. CH3+C2H3=CH4+C2H2                             3.92E+11    0.0        0.0
 263. C2H3+H=C2H2+H2                                3.00E+13    0.0        0.0
 264. C2H3+OH=C2H2+H2O                              5.00E+12    0.0        0.0
 265. C2H2+O2=HCCO+OH                               2.00E+08    1.5    30100.0
 266. C2H2+O=CH2+CO                                 6.94E+06    2.0     1900.0
 267. C2H2+O=HCCO+H                                 1.35E+07    2.0     1900.0
 268. C2H2+OH=ketene+H                              3.24E+13    0.0    12000.0
 269. C2H2+OH=CH3+CO                                4.83E-04    4.0    -2000.0
 270. OH+C2H2=H+ethynol                             5.04E+05    2.3    13500.0
 271. H+ethynol=H+ketene                            1.00E+13    0.0        0.0
 272. ethanol(+M)=CH2OH+CH3(+M)                     5.71E+23   -1.7    94400.0
      Low pressure limit:  0.31100E+86 -0.18840E+02  0.11310E+06
      TROE centering:      0.50000E+00  0.55000E+03  0.82500E+03  0.61000E+04
         H2               Enhanced by    2.000E+00
         H2O              Enhanced by    5.000E+00
         CO               Enhanced by    2.000E+00
         CO2              Enhanced by    3.000E+00
 273. ethanol(+M)=C2H5+OH(+M)                       2.40E+23   -1.6    99540.0
      Low pressure limit:  0.51100E+86 -0.18800E+02  0.11877E+06
      TROE centering:      0.50000E+00  0.65000E+03  0.80000E+03  0.10000E+16
         H2               Enhanced by    2.000E+00
         H2O              Enhanced by    5.000E+00
         CO               Enhanced by    2.000E+00
         CO2              Enhanced by    3.000E+00
 274. ethanol(+M)=C2H4+H2O(+M)                      2.79E+13    0.1    66140.0
      Low pressure limit:  0.25700E+84 -0.18850E+02  0.86453E+05
      TROE centering:      0.70000E+00  0.35000E+03  0.80000E+03  0.38000E+04
         H2O              Enhanced by    5.000E+00
 275. ethanol(+M)=acetaldehyde+H2(+M)               7.24E+11    0.1    91010.0
      Low pressure limit:  0.44600E+88 -0.19420E+02  0.11558E+06
      TROE centering:      0.90000E+00  0.90000E+03  0.11000E+04  0.35000E+04
         H2O              Enhanced by    5.000E+00
 276. ethanol+O2=CH2CH2OH+HO2                       2.00E+13    0.0    52800.0
 277. ethanol+O2=CH3CHOH+HO2                        1.50E+13    0.0    50150.0
 278. ethanol+OH=CH2CH2OH+H2O                       1.74E+11    0.3      600.0
 279. ethanol+OH=CH3CHOH+H2O                        4.64E+11    0.1        0.0
 280. ethanol+OH=ethoxy+H2O                         7.46E+11    0.3     1634.0
 281. ethanol+H=CH2CH2OH+H2                         1.23E+07    1.8     5098.0
 282. ethanol+H=CH3CHOH+H2                          2.58E+07    1.6     2827.0
 283. ethanol+H=ethoxy+H2                           1.50E+07    1.6     3038.0
 284. ethanol+HO2=CH2CH2OH+H2O2                     1.23E+04    2.5    15750.0
 285. ethanol+HO2=CH3CHOH+H2O2                      8.20E+03    2.5    10750.0
 286. ethanol+HO2=ethoxy+H2O2                       2.50E+12    0.0    24000.0
 287. ethanol+CH3OO=CH2CH2OH+CH3OOH                 1.23E+04    2.5    15750.0
 288. ethanol+CH3OO=CH3CHOH+CH3OOH                  8.20E+03    2.5    10750.0
 289. ethanol+CH3OO=ethoxy+CH3OOH                   2.50E+12    0.0    24000.0
 290. ethanol+O=CH2CH2OH+OH                         9.41E+07    1.7     5459.0
 291. ethanol+O=CH3CHOH+OH                          1.88E+07    1.9     1824.0
 292. ethanol+O=ethoxy+OH                           1.58E+07    2.0     4448.0
 293. ethanol+CH3=CH2CH2OH+CH4                      1.33E+02    3.2     9362.0
 294. ethanol+CH3=CH3CHOH+CH4                       4.44E+02    2.9     7690.0
 295. ethanol+CH3=ethoxy+CH4                        1.34E+02    2.9     7452.0
 296. ethanol+C2H5=CH2CH2OH+C2H6                    5.00E+10    0.0    13400.0
 297. ethanol+C2H5=CH3CHOH+C2H6                     5.00E+10    0.0    10400.0
 298. C2H4+OH=CH2CH2OH                              4.17E+20   -2.8     1240.0
 299. CH3CHOH+M=acetaldehyde+H+M                    1.00E+14    0.0    25000.0
 300. O2C2H4OH=CH2CH2OH+O2                          3.90E+16   -1.0    30000.0
 301. O2C2H4OH=OH+CH2O+CH2O                         3.12E+09    0.0    18900.0
 302. CH3CHOH+O2=acetaldehyde+HO2                   3.81E+06    2.0     1641.0
 303. acetone(+M)=acetyl+CH3(+M)                    7.11E+21   -1.6    84680.0
      Low pressure limit:  0.70130E+90 -0.20380E+02  0.10715E+06
      TROE centering:      0.86300E+00  0.10000E+11  0.41640E+03  0.32900E+10
 304. acetone+OH=propen2oxy+H2O                     1.25E+05    2.5      445.0
 305. acetone+H=propen2oxy+H2                       9.80E+05    2.4     5160.0
 306. acetone+O=propen2oxy+OH                       5.13E+11    0.2     4890.0
 307. acetone+CH3=propen2oxy+CH4                    3.96E+11    0.0     9784.0
 308. acetone+CH3O=propen2oxy+CH3OH                 4.34E+11    0.0     6460.0
 309. acetone+O2=propen2oxy+HO2                     6.03E+13    0.0    48500.0
 310. acetone+HO2=propen2oxy+H2O2                   1.70E+13    0.0    20460.0
 311. acetone+CH3OO=propen2oxy+CH3OOH               1.70E+13    0.0    20460.0
 312. propen2oxy=ketene+CH3                         1.00E+14    0.0    31000.0
 313. ipropyl+O=acetone+H                           4.82E+13    0.0        0.0
 314. acetone+H=ipropyloxy                          2.00E+12    0.0     7270.0
 315. ipropyloxy+O2=acetone+HO2                     9.09E+09    0.0      390.0
 316. C2H3+HCO=acrolein                             1.81E+13    0.0        0.0
 317. acrolein+H=CH2CHCO+H2                         1.34E+13    0.0     3300.0
 318. acrolein+O=CH2CHCO+OH                         5.94E+12    0.0     1868.0
 319. acrolein+H=C2H4+HCO                           2.00E+13    0.0     3500.0
 320. acrolein+O=ketene+HCO+H                       5.00E+07    1.8       76.0
 321. acrolein+OH=CH2CHCO+H2O                       9.24E+06    1.5     -962.0
 322. acrolein+O2=CH2CHCO+HO2                       1.00E+13    0.0    40700.0
 323. acrolein+HO2=CH2CHCO+H2O2                     3.01E+12    0.0    11920.0
 324. acrolein+CH3=CH2CHCO+CH4                      2.61E+06    1.8     5911.0
 325. acrolein+C2H3=CH2CHCO+C2H4                    1.74E+12    0.0     8440.0
 326. acrolein+CH3O=CH2CHCO+CH3OH                   1.00E+12    0.0     3300.0
 327. acrolein+CH3OO=CH2CHCO+CH3OOH                 3.01E+12    0.0    11920.0
 328. C2H3+CO=CH2CHCO                               1.51E+11    0.0     4810.0
 329. CH2CHCO+O2=vinoxy+CO2                         5.40E+20   -2.7     7000.0
 330. CH2CHCO+O=C2H3+CO2                            1.00E+14    0.0        0.0
 331. C2H5+HCO=propanal                             1.81E+13    0.0        0.0
 332. propanal+H=propionyl+H2                       4.00E+13    0.0     4200.0
 333. propanal+O=propionyl+OH                       5.00E+12    0.0     1790.0
 334. propanal+OH=propionyl+H2O                     2.69E+10    0.8     -340.0
 335. propanal+CH3=propionyl+CH4                    2.61E+06    1.8     5911.0
 336. propanal+HO2=propionyl+H2O2                   2.80E+12    0.0    13600.0
 337. propanal+CH3O=propionyl+CH3OH                 1.00E+12    0.0     3300.0
 338. propanal+CH3OO=propionyl+CH3OOH               3.01E+12    0.0    11920.0
 339. propanal+C2H5=propionyl+C2H6                  1.00E+12    0.0     8000.0
 340. propanal+ethoxy=propionyl+ethanol             6.03E+11    0.0     3300.0
 341. propanal+CH3CH2OO=propionyl+CH3CH2OOH         3.01E+12    0.0    11920.0
 342. propanal+O2=propionyl+HO2                     1.00E+13    0.0    40700.0
 343. propanal+acetylperoxy=propionyl+CH3CO3H       3.01E+12    0.0    11920.0
 344. propanal+C2H3=propionyl+C2H4                  1.70E+12    0.0     8440.0
 345. C2H5+CO=propionyl                             1.51E+11    0.0     4810.0
 346. CH3OCH3(+M)<=>CH3+CH3O(+M)                    2.33E+19   -0.7    84092.4
      Low pressure limit:  0.17220E+60 -0.11400E+02  0.93243E+05
      TROE centering:      0.10000E+01  0.10000E-19  0.88000E+03  0.00000E+00
 347. CH3OCH3+OH<=>CH3OCH2+H2O                      9.35E+05    2.3     -781.0
 348. CH3OCH3+H<=>CH3OCH2+H2                        3.93E+00    4.1     1779.3
 349. CH3OCH3+O<=>CH3OCH2+OH                        7.75E+08    1.4     2250.0
 350. CH3OCH3+HO2<=>CH3OCH2+H2O2                    1.34E+13    0.0    17690.0
 351. CH3OCH3+CH3OO<=>CH3OCH2+CH3OOH                1.34E+13    0.0    17690.0
 352. CH3OCH3+CH3=CH3OCH2+CH4                       1.44E-06    5.7     5699.0
 353. CH3OCH3+O2=CH3OCH2+HO2                        4.10E+13    0.0    44910.0
 354. CH3OCH3+CH3O=CH3OCH2+CH3OH                    6.02E+11    0.0     4074.0
 355. CH3OCH3+formylperoxy=CH3OCH2+formylooh        4.42E+04    2.6    13910.0
 356. CH3OCH2=CH2O+CH3                              1.60E+13    0.0    25500.0
 357. CH3OCH2+CH3O=CH3OCH3+CH2O                     2.41E+13    0.0        0.0
 358. CH3OCH2+CH2O=CH3OCH3+HCO                      5.49E+03    2.8     5862.0
 359. CH3OCH2+acetaldehyde=CH3OCH3+acetyl           1.26E+12    0.0     8499.0
 360. npropyloo+C3H8=npropylooh+npropyl             1.70E+13    0.0    20460.0
 361. ipropyloo+C3H8=ipropylooh+npropyl             1.70E+13    0.0    20460.0
 362. npropyloo+C3H8=npropylooh+ipropyl             2.00E+12    0.0    17000.0
 363. ipropyloo+C3H8=ipropylooh+ipropyl             2.00E+12    0.0    17000.0
 364. npropylooh=npropyloxy+OH                      1.50E+16    0.0    42500.0
 365. ipropylooh=ipropyloxy+OH                      9.45E+15    0.0    42600.0
 366. C3H8(+M)=CH3+C2H5(+M)                         1.29E+37   -5.8    97380.0
      Low pressure limit:  0.56400E+75 -0.15740E+02  0.98714E+05
      TROE centering:      0.31000E+00  0.50000E+02  0.30000E+04  0.90000E+04
         H2               Enhanced by    2.000E+00
         H2O              Enhanced by    6.000E+00
         AR               Enhanced by    7.000E-01
         CO               Enhanced by    1.500E+00
         CO2              Enhanced by    2.000E+00
         CH4              Enhanced by    2.000E+00
         C2H6             Enhanced by    3.000E+00
         HE               Enhanced by    7.000E-01
 367. npropyl+H=C3H8                                1.00E+14    0.0        0.0
 368. ipropyl+H=C3H8                                1.00E+14    0.0        0.0
 369. C3H8+O2=ipropyl+HO2                           2.00E+13    0.0    49640.0
 370. C3H8+O2=npropyl+HO2                           6.00E+13    0.0    52290.0
 371. H+C3H8=H2+ipropyl                             1.30E+06    2.4     4471.0
 372. H+C3H8=H2+npropyl                             1.33E+06    2.5     6756.0
 373. C3H8+O=ipropyl+OH                             5.49E+05    2.5     3140.0
 374. C3H8+O=npropyl+OH                             3.71E+06    2.4     5505.0
 375. C3H8+OH=npropyl+H2O                           1.05E+10    1.0     1586.0
 376. C3H8+OH=ipropyl+H2O                           4.67E+07    1.6      -35.0
 377. C3H8+HO2=ipropyl+H2O2                         5.88E+04    2.5    14860.0
 378. C3H8+HO2=npropyl+H2O2                         8.10E+04    2.5    16690.0
 379. CH3+C3H8=CH4+ipropyl                          6.40E+04    2.2     7520.0
 380. CH3+C3H8=CH4+npropyl                          9.04E-01    3.6     7154.0
 381. ipropyl+C3H8=npropyl+C3H8                     3.00E+10    0.0    12900.0
 382. C2H3+C3H8=C2H4+ipropyl                        1.00E+11    0.0    10400.0
 383. C2H3+C3H8=C2H4+npropyl                        1.00E+11    0.0    10400.0
 384. C2H5+C3H8=C2H6+ipropyl                        1.00E+11    0.0    10400.0
 385. C2H5+C3H8=C2H6+npropyl                        1.00E+11    0.0    10400.0
 386. C3H8+allyl=npropyl+C3H6                       7.94E+11    0.0    20500.0
 387. C3H8+allyl=ipropyl+C3H6                       7.94E+11    0.0    16200.0
 388. C3H8+CH3O=npropyl+CH3OH                       3.00E+11    0.0     7000.0
 389. C3H8+CH3O=ipropyl+CH3OH                       3.00E+11    0.0     7000.0
 390. CH3OO+C3H8=CH3OOH+npropyl                     8.10E+04    2.5    16690.0
 391. CH3OO+C3H8=CH3OOH+ipropyl                     5.88E+04    2.5    14860.0
 392. CH3CH2OO+C3H8=CH3CH2OOH+npropyl               8.10E+04    2.5    16690.0
 393. CH3CH2OO+C3H8=CH3CH2OOH+ipropyl               5.88E+04    2.5    14860.0
 394. C3H8+acetylperoxy=ipropyl+CH3CO3H             2.00E+12    0.0    17000.0
 395. C3H8+acetylperoxy=npropyl+CH3CO3H             1.70E+13    0.0    20460.0
 396. C3H8+formylperoxy=npropyl+formylooh           5.52E+04    2.5    16480.0
 397. C3H8+formylperoxy=ipropyl+formylooh           1.48E+04    2.6    13910.0
 398. H+C3H6=ipropyl                                2.64E+13    0.0     2160.0
 399. ipropyl+H=C2H5+CH3                            2.00E+13    0.0        0.0
 400. ipropyl+OH=C3H6+H2O                           2.41E+13    0.0        0.0
 401. ipropyl+O=acetaldehyde+CH3                    4.82E+13    0.0        0.0
 402. npropyl=CH3+C2H4                              9.97E+40   -8.6    41430.0
 403. npropyl=H+C3H6                                8.78E+39   -8.1    46580.0
 404. propanal+npropyl=propionyl+C3H8               1.70E+12    0.0     8440.0
 405. propanal+ipropyl=propionyl+C3H8               1.70E+12    0.0     8440.0
 406. propanal+allyl=propionyl+C3H6                 1.70E+12    0.0     8440.0
 407. allyl+H(+M)=C3H6(+M)                          2.00E+14    0.0        0.0
      Low pressure limit:  0.13300E+61 -0.12000E+02  0.59678E+04
      TROE centering:      0.20000E-01  0.10966E+04  0.10966E+04  0.68595E+04
         H2               Enhanced by    2.000E+00
         H2O              Enhanced by    6.000E+00
         CH4              Enhanced by    2.000E+00
         CO               Enhanced by    1.500E+00
         CO2              Enhanced by    2.000E+00
         C2H6             Enhanced by    3.000E+00
         AR               Enhanced by    7.000E-01
 408. C2H3+CH3(+M)=C3H6(+M)                         2.50E+13    0.0        0.0
      Low pressure limit:  0.42700E+59 -0.11940E+02  0.97698E+04
      TROE centering:      0.17500E+00  0.13406E+04  0.60000E+05  0.10140E+05
         H2               Enhanced by    2.000E+00
         H2O              Enhanced by    6.000E+00
         CH4              Enhanced by    2.000E+00
         CO               Enhanced by    1.500E+00
         CO2              Enhanced by    2.000E+00
         C2H6             Enhanced by    3.000E+00
         AR               Enhanced by    7.000E-01
         C2H4             Enhanced by    3.000E+00
 409. C3H6=propen1yl+H                              7.71E+69  -16.1   140000.0
 410. C3H6=propen2yl+H                              5.62E+71  -16.6   139300.0
 411. C3H6+O=C2H5+HCO                               1.58E+07    1.8    -1216.0
 412. C3H6+O=ketene+CH3+H                           2.50E+07    1.8       76.0
 413. C3H6+O=CH3CHCO+H+H                            2.50E+07    1.8       76.0
 414. C3H6+O=allyl+OH                               5.24E+11    0.7     5884.0
 415. C3H6+O=propen1yl+OH                           1.20E+11    0.7     8959.0
 416. C3H6+O=propen2yl+OH                           6.03E+10    0.7     7632.0
 417. C3H6+HO2=allyl+H2O2                           2.70E+04    2.5    12340.0
 418. C3H6+HO2=propen1yl+H2O2                       1.80E+04    2.5    27620.0
 419. C3H6+HO2=propen2yl+H2O2                       9.00E+03    2.5    23590.0
 420. C3H6+H=C2H4+CH3                               8.80E+16   -1.1     6461.0
 421. C3H6+H=allyl+H2                               1.73E+05    2.5     2490.0
 422. C3H6+H=propen2yl+H2                           4.00E+05    2.5     9790.0
 423. C3H6+H=propen1yl+H2                           8.04E+05    2.5    12283.0
 424. C3H6+O2=allyl+HO2                             4.00E+12    0.0    39900.0
 425. C3H6+O2=propen1yl+HO2                         2.00E+12    0.0    62900.0
 426. C3H6+O2=propen2yl+HO2                         1.40E+12    0.0    60700.0
 427. C3H6+CH3=allyl+CH4                            2.21E+00    3.5     5675.0
 428. C3H6+CH3=propen1yl+CH4                        1.35E+00    3.5    12850.0
 429. C3H6+CH3=propen2yl+CH4                        8.40E-01    3.5    11660.0
 430. C3H6+C2H5=allyl+C2H6                          1.00E+11    0.0     9800.0
 431. C3H6+acetylperoxy=allyl+CH3CO3H               3.24E+11    0.0    14900.0
 432. C3H6+CH3OO=allyl+CH3OOH                       3.24E+11    0.0    14900.0
 433. C3H6+HO2=propen1ol+OH                         1.29E+12    0.0    14900.0
 434. C3H6+CH3CH2OO=allyl+CH3CH2OOH                 3.24E+11    0.0    14900.0
 435. C3H6+npropyloo=allyl+npropylooh               3.24E+11    0.0    14900.0
 436. C3H6+ipropyloo=allyl+ipropylooh               3.24E+11    0.0    14900.0
 437. allyl+O=acrolein+H                            6.00E+13    0.0        0.0
 438. allyl+OH=acrolein+H+H                         5.30E+37   -6.7    29306.0
 439. allyl+O2=acetyl+CH2O                          1.19E+15   -1.0    20128.0
 440. allyl+O2=acrolein+OH                          1.82E+13   -0.4    22859.0
 441. allyl+HCO=C3H6+CO                             6.00E+13    0.0        0.0
 442. allyl=propen2yl                               7.06E+56  -14.1    75868.0
 443. allyl=propen1yl                               5.00E+51  -13.0    73300.0
 444. C2H2+CH3=allyl                                2.68E+53  -12.8    35730.0
 445. allyl+CH3OO=allyloxy+CH3O                     7.00E+12    0.0    -1000.0
 446. allyl+C2H5=C2H4+C3H6                          4.00E+11    0.0        0.0
 447. C2H2+CH3=propen1yl                            3.20E+35   -7.8    13300.0
 448. propen1yl+O=C2H4+HCO                          6.00E+13    0.0        0.0
 449. propen1yl+OH=C2H4+HCO+H                       5.00E+12    0.0        0.0
 450. propen1yl+O2=acetaldehyde+HCO                 1.00E+11    0.0        0.0
 451. propen1yl+HO2=C2H4+HCO+OH                     2.00E+13    0.0        0.0
 452. propen1yl+HCO=C3H6+CO                         9.00E+13    0.0        0.0
 453. C2H2+CH3=propen2yl                            4.99E+22   -4.4    18850.0
 454. propen2yl=propen1yl                           1.50E+48  -12.7    53900.0
 455. propen2yl+O=CH3+ketene                        6.00E+13    0.0        0.0
 456. propen2yl+OH=CH3+ketene+H                     5.00E+12    0.0        0.0
 457. propen2yl+O2=acetyl+CH2O                      1.00E+11    0.0        0.0
 458. propen2yl+HO2=CH3+ketene+OH                   2.00E+13    0.0        0.0
 459. propen2yl+HCO=C3H6+CO                         9.00E+13    0.0        0.0
 460. npropyl+HO2=npropyloxy+OH                     7.00E+12    0.0    -1000.0
 461. ipropyl+HO2=ipropyloxy+OH                     7.00E+12    0.0    -1000.0
 462. CH3OO+npropyl=CH3O+npropyloxy                 7.00E+12    0.0    -1000.0
 463. CH3OO+ipropyl=CH3O+ipropyloxy                 7.00E+12    0.0    -1000.0
 464. npropyloo+CH2O=npropylooh+HCO                 5.60E+12    0.0    13600.0
 465. npropyloo+acetaldehyde=npropylooh+acetyl      2.80E+12    0.0    13600.0
 466. ipropyloo+CH2O=ipropylooh+HCO                 5.60E+12    0.0    13600.0
 467. ipropyloo+acetaldehyde=ipropylooh+acetyl      2.80E+12    0.0    13600.0
 468. npropyloo+HO2=npropylooh+O2                   1.75E+10    0.0    -3275.0
 469. ipropyloo+HO2=ipropylooh+O2                   1.75E+10    0.0    -3275.0
 470. C2H4+npropyloo=C2H3+npropylooh                1.13E+13    0.0    30430.0
 471. C2H4+ipropyloo=C2H3+ipropylooh                1.13E+13    0.0    30430.0
 472. CH3OH+npropyloo=CH2OH+npropylooh              6.30E+12    0.0    19360.0
 473. CH3OH+ipropyloo=CH2OH+ipropylooh              6.30E+12    0.0    19360.0
 474. acrolein+npropyloo=CH2CHCO+npropylooh         2.80E+12    0.0    13600.0
 475. acrolein+ipropyloo=CH2CHCO+ipropylooh         2.80E+12    0.0    13600.0
 476. CH4+npropyloo=CH3+npropylooh                  1.12E+13    0.0    24640.0
 477. CH4+ipropyloo=CH3+ipropylooh                  1.12E+13    0.0    24640.0
 478. npropyloo+CH3OO=npropyloxy+CH3O+O2            1.40E+16   -1.6     1860.0
 479. ipropyloo+CH3OO=ipropyloxy+CH3O+O2            1.40E+16   -1.6     1860.0
 480. H2+npropyloo=H+npropylooh                     3.01E+13    0.0    26030.0
 481. H2+ipropyloo=H+ipropylooh                     3.01E+13    0.0    26030.0
 482. ipropyloo+C2H6=ipropylooh+C2H5                1.70E+13    0.0    20460.0
 483. npropyloo+C2H6=npropylooh+C2H5                1.70E+13    0.0    20460.0
 484. ipropyloo+propanal=ipropylooh+propionyl       2.00E+11    0.0     9500.0
 485. npropyloo+propanal=npropylooh+propionyl       2.00E+11    0.0     9500.0
 486. ipropyloo+acetylperoxy=ipropyloxy+acetyloxy+O2                       1.40E+16   -1.6     1860.0            
 487. npropyloo+acetylperoxy=npropyloxy+acetyloxy+O2                       1.40E+16   -1.6     1860.0                                  
 488. ipropyloo+CH3CH2OO=ipropyloxy+ethoxy+O2       1.40E+16   -1.6     1860.0
 489. npropyloo+CH3CH2OO=npropyloxy+ethoxy+O2       1.40E+16   -1.6     1860.0
 490. ipropyloo+ipropyloo=O2+ipropyloxy+ipropyloxy  1.40E+16   -1.6     1860.0
 491. npropyloo+npropyloo=O2+npropyloxy+npropyloxy  1.40E+16   -1.6     1860.0
 492. ipropyloo+npropyloo=ipropyloxy+npropyloxy+O2  1.40E+16   -1.6     1860.0
 493. ipropyloo+CH3=ipropyloxy+CH3O                 7.00E+12    0.0    -1000.0
 494. ipropyloo+C2H5=ipropyloxy+ethoxy              7.00E+12    0.0    -1000.0
 495. ipropyloo+ipropyl=ipropyloxy+ipropyloxy       7.00E+12    0.0    -1000.0
 496. ipropyloo+npropyl=ipropyloxy+npropyloxy       7.00E+12    0.0    -1000.0
 497. ipropyloo+allyl=ipropyloxy+allyloxy           7.00E+12    0.0    -1000.0
 498. npropyloo+CH3=npropyloxy+CH3O                 7.00E+12    0.0    -1000.0
 499. npropyloo+C2H5=npropyloxy+ethoxy              7.00E+12    0.0    -1000.0
 500. npropyloo+ipropyl=npropyloxy+ipropyloxy       7.00E+12    0.0    -1000.0
 501. npropyloo+npropyl=npropyloxy+npropyloxy       7.00E+12    0.0    -1000.0
 502. npropyloo+allyl=npropyloxy+allyloxy           7.00E+12    0.0    -1000.0
 503. C2H5+CH2O=npropyloxy                          1.00E+11    0.0     3496.0
 504. propanal+H=npropyloxy                         4.00E+12    0.0     6260.0
 505. CH3+acetaldehyde=ipropyloxy                   1.00E+11    0.0     9256.0
 506. allyloxy+O2=acrolein+HO2                      1.00E+12    0.0     6000.0
 507. propen1ol=C2H4+CH2O                           6.00E+14    0.0    60000.0
 508. propen1ol+OH=CH2O+C2H3+H2O                    5.00E+12    0.0        0.0
 509. propen1ol+H=CH2O+C2H3+H2                      2.63E+07    2.0     5000.0
 510. propen1ol+O=CH2O+C2H3+OH                      8.43E+13    0.0     5200.0
 511. propen1ol+HO2=CH2O+C2H3+H2O2                  1.00E+13    0.0    15000.0
 512. propen1ol+CH3OO=CH2O+C2H3+CH3OOH              1.00E+13    0.0    19000.0
 513. propen1ol+CH3=CH2O+C2H3+CH4                   2.00E+11    0.0    10000.0
 514. C3H6+OH=allyl+H2O                             5.07E+07    1.7      925.0
      Declared duplicate reaction...
 515. C3H6+OH=allyl+H2O                             1.88E+07    2.0      684.0
      Declared duplicate reaction...
 516. C3H6+OH=propen1yl+H2O                         7.59E+03    2.8     2193.0
      Declared duplicate reaction...
 517. C3H6+OH=propen1yl+H2O                         1.01E+00    3.5     -101.0
      Declared duplicate reaction...
 518. C3H6+OH=propen2yl+H2O                         4.67E+04    2.5     1748.0
      Declared duplicate reaction...
 519. C3H6+OH=propen2yl+H2O                         5.70E-11    2.6    -3086.0
      Declared duplicate reaction...
 520. C3H6+OH=allyl-alcohol+H                       5.07E+07   -0.5    10996.0
      Declared duplicate reaction...
 521. C3H6+OH=allyl-alcohol+H                       2.29E+13    0.1    10580.0
      Declared duplicate reaction...
 522. C3H6+OH=ethenol+CH3                           2.45E+07    1.6     2310.0
      Declared duplicate reaction...
 523. C3H6+OH=ethenol+CH3                           1.30E+04    2.1      308.0
      Declared duplicate reaction...
 524. C3H6+OH=propen1ol+H                           1.74E+10    0.7     6864.0
      Declared duplicate reaction...
 525. C3H6+OH=propen1ol+H                           1.76E+06    1.6     4133.0
      Declared duplicate reaction...
 526. C3H6+OH=propen2ol+H                           5.13E+03    2.4     2447.0
      Declared duplicate reaction...
 527. C3H6+OH=propen2ol+H                           4.40E-03    3.7     -518.0
      Declared duplicate reaction...
 528. C3H6+OH=acetaldehyde+CH3                      8.91E+21   -4.6      464.0
      Declared duplicate reaction...
 529. C3H6+OH=acetaldehyde+CH3                      7.65E+02    2.2    -1676.0
      Declared duplicate reaction...
 530. allyl+HO2=prod_2                              1.00E+11    0.0        0.0
 531. allyl+HO2=acrolein+H2O                        1.00E+11    0.0        0.0
 532. allyl+HO2=allyloxy+OH                         1.00E+11    0.0        0.0
 533. prod_2=acrolein+H2O                           1.00E+11    0.0        0.0
 534. prod_2=allyloxy+OH                            1.00E+11    0.0        0.0
 535. allyloxy=C2H3+CH2O                            1.00E+11    0.0        0.0
 536. allyloxy=vinoxylmethyl                        1.00E+11    0.0        0.0
 537. allyloxy=formylethyl                          1.00E+11    0.0        0.0
 538. allyloxy=acrolein+H                           1.00E+11    0.0        0.0
 539. allyloxy=C2H4+HCO                             1.00E+11    0.0        0.0
 540. vinoxylmethyl=C2H3+CH2O                       1.00E+11    0.0        0.0
 541. vinoxylmethyl=formylethyl                     1.00E+11    0.0        0.0
 542. vinoxylmethyl=acrolein+H                      1.00E+11    0.0        0.0
 543. vinoxylmethyl=C2H4+HCO                        1.00E+11    0.0        0.0
 544. formylethyl=C2H3+CH2O                         1.00E+11    0.0        0.0
 545. formylethyl=acrolein+H                        1.00E+11    0.0        0.0
 546. formylethyl=C2H4+HCO                          1.00E+11    0.0        0.0
 547. C2H3+CH2O=acrolein+H                          1.00E+11    0.0        0.0
 548. C2H3+CH2O=C2H4+HCO                            1.00E+11    0.0        0.0
 549. O2+npropyl=npropyloo                          1.00E+11    0.0        0.0
 550. O2+npropyl=QOOH_2                             1.00E+11    0.0        0.0
 551. O2+npropyl=QOOH_1                             1.00E+11    0.0        0.0
      Declared duplicate reaction...
 552. O2+npropyl=QOOH_1                             1.00E+11    0.0        0.0
      Declared duplicate reaction...
 553. O2+npropyl=HO2+C3H6                           1.00E+11    0.0        0.0
 554. O2+npropyl=OH+propoxide                       1.00E+11    0.0        0.0
 555. npropyloo=QOOH_2                              1.00E+11    0.0        0.0
 556. npropyloo=QOOH_1                              1.00E+11    0.0        0.0
      Declared duplicate reaction...
 557. npropyloo=QOOH_1                              1.00E+11    0.0        0.0
      Declared duplicate reaction...
 558. npropyloo=HO2+C3H6                            1.00E+11    0.0        0.0
 559. npropyloo=OH+propoxide                        1.00E+11    0.0        0.0
 560. QOOH_2=QOOH_1                                 1.00E+11    0.0        0.0
 561. QOOH_2=HO2+C3H6                               1.00E+11    0.0        0.0
 562. QOOH_2=OH+propoxide                           1.00E+11    0.0        0.0
 563. QOOH_1=HO2+C3H6                               1.00E+11    0.0        0.0
 564. QOOH_1=OH+propoxide                           1.00E+11    0.0        0.0
 565. O2+ipropyl=ipropyloo                          1.00E+11    0.0        0.0
 566. O2+ipropyl=QOOH_3                             1.00E+11    0.0        0.0
 567. O2+ipropyl=HO2+C3H6                           1.00E+11    0.0        0.0
 568. O2+ipropyl=OH+propoxide                       1.00E+11    0.0        0.0
 569. ipropyloo=QOOH_3                              1.00E+11    0.0        0.0
 570. ipropyloo=HO2+C3H6                            1.00E+11    0.0        0.0
 571. ipropyloo=OH+propoxide                        1.00E+11    0.0        0.0
 572. QOOH_3=HO2+C3H6                               1.00E+11    0.0        0.0
 573. QOOH_3=OH+propoxide                           1.00E+11    0.0        0.0
 574. HO2+C3H6=OH+propoxide                         1.00E+11    0.0        0.0
 575. O2+QOOH_1=well_1                              1.00E+11    0.0        0.0
 576. O2+QOOH_1=OH+OH+frag_1                        1.00E+11    0.0        0.0
 577. O2+QOOH_1=HO2+prod_2                          1.00E+11    0.0        0.0
 578. O2+QOOH_1=OH+prod_3                           1.00E+11    0.0        0.0
 579. O2+QOOH_2=well_2                              1.00E+11    0.0        0.0
 580. O2+QOOH_2=well_3                              1.00E+11    0.0        0.0
 581. O2+QOOH_2=well_5                              1.00E+11    0.0        0.0
 582. O2+QOOH_2=OH+prod_3                           1.00E+11    0.0        0.0
 583. O2+QOOH_2=OH+OH+frag_4                        1.00E+11    0.0        0.0
 584. O2+QOOH_2=OH+OH+frag_5                        1.00E+11    0.0        0.0
 585. O2+QOOH_2=HO2+prod_2                          1.00E+11    0.0        0.0
 586. O2+QOOH_2=HO2+prod_6                          1.00E+11    0.0        0.0
 587. O2+QOOH_2=HO2+prod_7                          1.00E+11    0.0        0.0
 588. O2+QOOH_2=O2+QOOH_3                           1.00E+11    0.0        0.0
 589. O2+QOOH_3=well_2                              1.00E+11    0.0        0.0
 590. O2+QOOH_3=well_3                              1.00E+11    0.0        0.0
 591. O2+QOOH_3=well_5                              1.00E+11    0.0        0.0
 592. O2+QOOH_3=OH+prod_3                           1.00E+11    0.0        0.0
 593. O2+QOOH_3=OH+OH+frag_4                        1.00E+11    0.0        0.0
 594. O2+QOOH_3=OH+OH+frag_5                        1.00E+11    0.0        0.0
 595. O2+QOOH_3=HO2+prod_2                          1.00E+11    0.0        0.0
 596. O2+QOOH_3=HO2+prod_6                          1.00E+11    0.0        0.0
 597. O2+QOOH_3=HO2+prod_7                          1.00E+11    0.0        0.0
 598. well_1=OH+prod_1                              1.00E+11    0.0        0.0
 599. well_1=HO2+prod_2                             1.00E+11    0.0        0.0
 600. well_1=OH+prod_3                              1.00E+11    0.0        0.0
 601. well_2=well_3                                 1.00E+11    0.0        0.0
 602. well_2=well_5                                 1.00E+11    0.0        0.0
 603. well_2=OH+prod_3                              1.00E+11    0.0        0.0
 604. well_2=OH+prod_4                              1.00E+11    0.0        0.0
 605. well_2=OH+prod_5                              1.00E+11    0.0        0.0
 606. well_2=HO2+prod_2                             1.00E+11    0.0        0.0
 607. well_2=HO2+prod_6                             1.00E+11    0.0        0.0
 608. well_2=HO2+prod_7                             1.00E+11    0.0        0.0
 609. well_3=well_5                                 1.00E+11    0.0        0.0
 610. well_3=OH+prod_3                              1.00E+11    0.0        0.0
 611. well_3=OH+prod_4                              1.00E+11    0.0        0.0
 612. well_3=OH+prod_5                              1.00E+11    0.0        0.0
 613. well_3=HO2+prod_2                             1.00E+11    0.0        0.0
 614. well_3=HO2+prod_6                             1.00E+11    0.0        0.0
 615. well_3=HO2+prod_7                             1.00E+11    0.0        0.0
 616. well_5=OH+prod_3                              1.00E+11    0.0        0.0
 617. well_5=OH+prod_4                              1.00E+11    0.0        0.0
 618. well_5=OH+prod_5                              1.00E+11    0.0        0.0
 619. well_5=HO2+prod_2                             1.00E+11    0.0        0.0
 620. well_5=HO2+prod_6                             1.00E+11    0.0        0.0
 621. well_5=HO2+prod_7                             1.00E+11    0.0        0.0
 622. prod_6=propen1oxy+OH                          1.00E+11    0.0        0.0
 623. prod_7=propen2oxy+OH                          1.00E+11    0.0        0.0
 624. prod_1=frag_1+OH                              2.23E+24   -2.6    44965.6
 625. prod_3=frag_3+OH                              3.87E+21   -1.8    44588.5
 626. prod_4=frag_4+OH                              3.87E+21   -1.8    44588.5
 627. prod_5=frag_5+OH                              3.87E+21   -1.8    44588.5
 628. frag_1=vinoxy+CH2O                            4.94E+10    0.9     5809.2
 629. frag_4=acetyl+CH2O                            5.73E+13   -0.0     4473.5
 630. frag_5=CH3+glyoxal                            1.74E+11    0.8     9833.1
 631. frag_5=HCO+acetaldehyde                       2.12E+14   -0.1     1108.7

  NOTE: E units cal/mol, A units mole-cm-sec-K



 NO ERRORS FOUND ON INPUT...CHEMKIN LINKING FILE WRITTEN.

 WORKING SPACE REQUIREMENTS ARE
    INTEGER:    10383
    REAL:        9347
    CHARACTER:    116
