
 CHEMKIN INTERPRETER OUTPUT: CHEMKIN-II Version 3.6 Apr. 1994
                              DOUBLE PRECISION

                          --------------------
                          ELEMENTS     ATOMIC
                          CONSIDERED   WEIGHT
                          --------------------
                           1. BR      79.9009    
                           2. O       15.9994    
                           3. H       1.00797    
                           4. N       14.0067    
                           5. AR      39.9480    
                          --------------------
 -------------------------------------------------------------------------------
                         C
                       P H
                       H A
                       A R
 SPECIES               S G MOLECULAR TEMPERATURE   ELEMENT COUNT
 CONSIDERED            E E WEIGHT    LOW    HIGH   BR O  H  N  AR 
 -------------------------------------------------------------------------------
   1. H                G 0   1.00797  200.0 6000.0  0  0  1  0  0
   2. O                G 0  15.99940  200.0 6000.0  0  1  0  0  0
   3. OH               G 0  17.00737  200.0 6000.0  0  1  1  0  0
   4. H2               G 0   2.01594  200.0 6000.0  0  0  2  0  0
   5. O2               G 0  31.99880  200.0 6000.0  0  2  0  0  0
   6. HO2              G 0  33.00677  200.0 6000.0  0  2  1  0  0
   7. H2O              G 0  18.01534  200.0 6000.0  0  1  2  0  0
   8. H2O2             G 0  34.01474  200.0 6000.0  0  2  2  0  0
   9. HBR              G 0  80.90887  200.0 6000.0  1  0  1  0  0
  10. BR2              G 0 159.80180  200.0 6000.0  2  0  0  0  0
  11. BR               G 0  79.90090  200.0 6000.0  1  0  0  0  0
  12. BRO              G 0  95.90030  200.0 6000.0  1  1  0  0  0
  13. HOBR             G 0  96.90827  200.0 6000.0  1  1  1  0  0
  14. BROO             G 0 111.89970  200.0 6000.0  1  2  0  0  0
  15. AR               G 0  39.94800  300.0 5000.0  0  0  0  0  1
  16. N2               G 0  28.01340  300.0 5000.0  0  0  0  2  0
 -------------------------------------------------------------------------------



                                                      (k = A T**b exp(-E/RT))
      REACTIONS CONSIDERED                              A        b        E

   1. H+O2=O+OH                                     3.60E+15   -0.4    16600.0
   2. H+H+M=H2+M                                    7.00E+17   -1.0        0.0
         N2               Enhanced by    0.000E+00
         H2O              Enhanced by    0.000E+00
         H2               Enhanced by    0.000E+00
   3. H+H+N2=H2+N2                                  5.40E+18   -1.3        0.0
   4. H+H+H2=H2+H2                                  1.00E+17   -0.6        0.0
   5. H+H+H2O=H2+H2O                                1.00E+19   -1.0        0.0
   6. H+O+M=OH+M                                    6.20E+16   -0.6        0.0
         H2O              Enhanced by    5.000E+00
   7. H+O2(+M)=HO2(+M)                              5.80E+11    0.7     -290.0
      Low pressure limit:  0.72000E+21 -0.17300E+01  0.53600E+03
      TROE centering:      0.72000E+00  0.10000E-29  0.10000E+31  0.10000E+31
         N2               Enhanced by    1.000E+00
         AR               Enhanced by    0.000E+00
         H2O              Enhanced by    1.100E+01
         H2               Enhanced by    2.000E+00
         O2               Enhanced by    1.000E+00
   8. O+O+M=O2+M                                    1.90E+13    0.0    -1788.0
         N2               Enhanced by    1.500E+00
         O2               Enhanced by    1.500E+00
         H2O              Enhanced by    1.000E+01
   9. O+H2=OH+H                                     3.80E+12    0.0     7948.0
      Declared duplicate reaction...
  10. O+H2=OH+H                                     8.80E+14    0.0    19175.0
      Declared duplicate reaction...
  11. OH+OH=O+H2O                                   4.30E+03    2.7    -1822.0
  12. H+OH(+M)=H2O(+M)                              2.50E+13    0.2     -114.0
      Low pressure limit:  0.45000E+22 -0.18100E+01  0.49900E+03
      TROE centering:      0.73000E+00  0.10000E-29  0.10000E+31  0.10000E+31
         AR               Enhanced by    3.800E-01
         H2               Enhanced by    7.300E-01
         H2O              Enhanced by    1.200E+01
  13. OH+H2=H+H2O                                   2.10E+08    1.5     3449.0
  14. H2+O2=HO2+H                                   7.40E+05    2.4    53502.0
  15. HO2+H=OH+OH                                   8.40E+13    0.0      400.0
  16. HO2+H=H2O+O                                   1.40E+12    0.0        0.0
  17. HO2+O=OH+O2                                   1.60E+13    0.0     -445.0
  18. HO2+OH=H2O+O2                                 3.60E+21   -2.1     9000.0
      Declared duplicate reaction...
  19. HO2+OH=H2O+O2                                 2.00E+15   -0.6        0.0
      Declared duplicate reaction...
  20. HO2+OH=H2O+O2                                 ********  -24.0    49000.0
      Declared duplicate reaction...
  21. HO2+HO2=H2O2+O2                               1.90E+11    0.0    -1408.0
      Declared duplicate reaction...
  22. HO2+HO2=H2O2+O2                               1.00E+14    0.0    11034.0
      Declared duplicate reaction...
  23. H2O2(+M)=OH+OH(+M)                            4.00E+11    0.0    37137.0
      Low pressure limit:  0.22910E+17  0.00000E+00  0.43638E+05
      TROE centering:      0.50000E+00  0.10000E-29  0.10000E+31  0.10000E+31
         H2O              Enhanced by    1.200E+01
         H2               Enhanced by    2.500E+00
         AR               Enhanced by    6.400E-01
  24. H2O2+H=H2O+OH                                 1.00E+13    0.0     3580.0
  25. H2O2+H=HO2+H2                                 1.70E+12    0.0     3760.0
  26. H2O2+O=HO2+OH                                 9.60E+06    2.0     3970.0
  27. H2O2+OH=H2O+HO2                               1.90E+12    0.0      427.0
      Declared duplicate reaction...
  28. H2O2+OH=H2O+HO2                               1.60E+18    0.0    29410.0
      Declared duplicate reaction...
  29. H+BR+M=HBR+M                                  1.90E+21   -1.9        0.0
         HBR              Enhanced by    2.700E+00
         N2               Enhanced by    1.000E+00
         H2O              Enhanced by    5.000E+00
  30. HBR+H=BR+H2                                   1.30E+10    1.1      163.0
  31. HBR+O=BR+OH                                   3.50E+12    0.0     2981.0
  32. HBR+OH=BR+H2O                                 4.00E+12    0.0     -308.0
  33. HBR+HO2=BR+H2O2                               4.20E+03    2.9     7672.0
  34. HBR+BRO=HOBR+BR                               1.30E+10    0.0     3600.0
  35. BR+HO2=HBR+O2                                 8.60E+09    1.0      468.0
  36. BR+BR+M=BR2+M                                 1.50E+14    0.0    -1700.0
         N2               Enhanced by    1.250E+00
         H2O              Enhanced by    5.400E+00
         BR2              Enhanced by    0.000E+00
  37. BR+BR+BR2=BR2+BR2                             1.10E+15    0.0    -2206.0
  38. BR2+H=HBR+BR                                  4.60E+07    2.0    -1804.0
  39. BR2+O=BR+BRO                                  3.10E+11    0.0    -1961.0
  40. BR2+OH=HOBR+BR                                1.10E+15   -0.7        0.0
  41. BRO+H=BR+OH                                   3.00E+13    0.0        0.0
  42. BRO+H=HBR+O                                   1.00E+12    0.0        0.0
  43. BRO+O=BR+O2                                   1.10E+13    0.0     -457.0
  44. BRO+OH=BR+HO2                                 1.10E+13    0.0     -497.0
  45. BRO+HO2=HOBR+O2                               2.70E+12    0.0     -994.0
  46. BRO+BRO=BR+BR+O2                              1.60E+12    0.0        0.0
  47. BRO+BRO=BR2+O2                                1.70E+10    0.0    -1670.0
  48. HOBR(+M)=BR+OH(+M)                            1.00E+15    0.0    48700.0
      Low pressure limit:  0.13000E+23 -0.15200E+01  0.51100E+05
  49. HOBR+H=BRO+H2                                 2.00E+07    1.9     8012.0
  50. HOBR+H=HBR+OH                                 3.00E+13    0.0        0.0
  51. HOBR+H=BR+H2O                                 3.00E+13    0.0        0.0
  52. HOBR+O=BRO+OH                                 7.20E+13    0.0      854.0
  53. HOBR+OH=BRO+H2O                               1.90E+02    3.1    -1250.0
  54. HOBR+HO2=BRO+H2O2                             1.00E+01    3.5    13090.0
  55. BR+O2+M=BROO+M                                2.30E+24   -3.9        0.0
  56. BROO+H=BRO+OH                                 3.00E+13    0.0        0.0
  57. BROO+O=BRO+O2                                 3.00E+13    0.0        0.0
  58. BROO+OH=BRO+HO2                               2.00E+12    0.0        0.0
  59. BROO+BR=BR2+O2                                1.00E+14    0.0        0.0

  NOTE:  A units mole-cm-sec-K, E units cal/mole



 NO ERRORS FOUND ON INPUT...CHEMKIN LINKING FILE WRITTEN.

 WORKING SPACE REQUIREMENTS ARE
    INTEGER:     1087
    REAL:        1082
    CHARACTER:     21
