
 CHEMKIN INTERPRETER OUTPUT: CHEMKIN-II Version 3.6 Apr. 1994
                              DOUBLE PRECISION

                          --------------------
                          ELEMENTS     ATOMIC
                          CONSIDERED   WEIGHT
                          --------------------
                           1. X       1.00000    
                          --------------------
 -------------------------------------------------------------------------------
                         C
                       P H
                       H A
                       A R
 SPECIES               S G MOLECULAR TEMPERATURE   ELEMENT COUNT
 CONSIDERED            E E WEIGHT    LOW    HIGH   X  
 -------------------------------------------------------------------------------
   1. A1               G 0   1.00000  300.0 5000.0  1
   2. A2               G 0   1.00000  300.0 5000.0  1
   3. A3               G 0   1.00000  300.0 5000.0  1
   4. X1               G 0   1.00000  300.0 5000.0  1
   5. X2               G 0   1.00000  300.0 5000.0  1
 -------------------------------------------------------------------------------



                                                      (k = A T**b exp(-E/RT))
      REACTIONS CONSIDERED                              A        b        E

   1. A1+X1=>2X1                                    5.00E-01    0.0        0.0
   2. X1+X2=>2X2                                    1.30E+00    0.0        0.0
   3. A2+X2=>A2+A3                                  6.70E-01    0.0        0.0

  NOTE:  A units mole-cm-sec-K, E units cal/mole



 NO ERRORS FOUND ON INPUT...CHEMKIN LINKING FILE WRITTEN.

 WORKING SPACE REQUIREMENTS ARE
    INTEGER:       63
    REAL:         144
    CHARACTER:      6
