
 CHEMKIN INTERPRETER OUTPUT: CHEMKIN-II Version 3.6 Apr. 1994
                              DOUBLE PRECISION

                          --------------------
                          ELEMENTS     ATOMIC
                          CONSIDERED   WEIGHT
                          --------------------
                           1. X       1.00000    
                          --------------------
 -------------------------------------------------------------------------------
                         C
                       P H
                       H A
                       A R
 SPECIES               S G MOLECULAR TEMPERATURE   ELEMENT COUNT
 CONSIDERED            E E WEIGHT    LOW    HIGH   X  
 -------------------------------------------------------------------------------
   1. s                G 0   1.00000  300.0 5000.0  1
   2. A                G 0   1.00000  300.0 5000.0  1
   3. B                G 0   1.00000  300.0 5000.0  1
   4. C                G 0   1.00000  300.0 5000.0  1
   5. D                G 0   1.00000  300.0 5000.0  1
   6. E                G 0   1.00000  300.0 5000.0  1
   7. F                G 0   1.00000  300.0 5000.0  1
   8. G                G 0   1.00000  300.0 5000.0  1
   9. H                G 0   1.00000  300.0 5000.0  1
  10. I                G 0   1.00000  300.0 5000.0  1
  11. J                G 0   1.00000  300.0 5000.0  1
  12. t                G 0   1.00000  300.0 5000.0  1
 -------------------------------------------------------------------------------



                                                      (k = A T**b exp(-E/RT))
      REACTIONS CONSIDERED                              A        b        E

   1. s=>A                                          2.00E+00    0.0        0.0
   2. A=>B                                          2.00E+01    0.0        0.0
   3. B=>C                                          1.40E+01    0.0        0.0
   4. D=>E                                          9.00E+00    0.0        0.0
   5. E=>F                                          1.00E+01    0.0        0.0
   6. F=>G                                          2.50E+01    0.0        0.0
   7. H=>I                                          1.80E+01    0.0        0.0
   8. I=>J                                          8.00E+00    0.0        0.0
   9. J=>t                                          1.10E+01    0.0        0.0
  10. s=>D                                          1.30E+01    0.0        0.0
  11. A=>E                                          2.70E+01    0.0        0.0
  12. B=>F                                          1.40E+01    0.0        0.0
  13. C=>G                                          1.50E+01    0.0        0.0
  14. D=>H                                          1.50E+01    0.0        0.0
  15. E=>I                                          2.00E+01    0.0        0.0
  16. F=>J                                          1.20E+01    0.0        0.0
  17. G=>t                                          7.00E+00    0.0        0.0

  NOTE:  A units mole-cm-sec-K, E units cal/mole



 NO ERRORS FOUND ON INPUT...CHEMKIN LINKING FILE WRITTEN.

 WORKING SPACE REQUIREMENTS ARE
    INTEGER:      287
    REAL:         438
    CHARACTER:     13
