
 CHEMKIN INTERPRETER OUTPUT: CHEMKIN-II Version 3.6 Apr. 1994
                              DOUBLE PRECISION

                          --------------------
                          ELEMENTS     ATOMIC
                          CONSIDERED   WEIGHT
                          --------------------
                           1. X       1.00000    
                          --------------------
 -------------------------------------------------------------------------------
                         C
                       P H
                       H A
                       A R
 SPECIES               S G MOLECULAR TEMPERATURE   ELEMENT COUNT
 CONSIDERED            E E WEIGHT    LOW    HIGH   X  
 -------------------------------------------------------------------------------
   1. A                G 0   1.00000  300.0 5000.0  1
   2. X                G 0   1.00000  300.0 5000.0  1
   3. Y                G 0   1.00000  300.0 5000.0  1
   4. B                G 0   1.00000  300.0 5000.0  1
 -------------------------------------------------------------------------------



                                                      (k = A T**b exp(-E/RT))
      REACTIONS CONSIDERED                              A        b        E

   1. A+X=>2X                                       5.00E-01    0.0        0.0
   2. X+Y=>2Y                                       1.30E+00    0.0        0.0
   3. Y=>B                                          6.70E-01    0.0        0.0

  NOTE:  A units mole-cm-sec-K, E units cal/mole



 NO ERRORS FOUND ON INPUT...CHEMKIN LINKING FILE WRITTEN.

 WORKING SPACE REQUIREMENTS ARE
    INTEGER:       59
    REAL:         122
    CHARACTER:      5
