
 CHEMKIN INTERPRETER OUTPUT: CHEMKIN-II Version 3.6 Apr. 1994
                              DOUBLE PRECISION

                          --------------------
                          ELEMENTS     ATOMIC
                          CONSIDERED   WEIGHT
                          --------------------
                           1. X       1.00000    
                           2. O       1.00000    
                          --------------------
 -------------------------------------------------------------------------------
                         C
                       P H
                       H A
                       A R
 SPECIES               S G MOLECULAR TEMPERATURE   ELEMENT COUNT
 CONSIDERED            E E WEIGHT    LOW    HIGH   X  O  
 -------------------------------------------------------------------------------
   1. AB               G 0   1.00000  300.0 5000.0  1  0
   2. A                G 0   1.00000  300.0 5000.0  1  0
   3. B                G 0   1.00000  300.0 5000.0  1  0
   4. O                G 0   1.00000  300.0 5000.0  0  1
   5. A2               G 0   2.00000  300.0 5000.0  2  0
   6. B2               G 0   2.00000  300.0 5000.0  2  0
   7. OA2              G 0   3.00000  300.0 5000.0  2  1
   8. OB2              G 0   3.00000  300.0 5000.0  2  1
 -------------------------------------------------------------------------------



                                                      (k = A T**b exp(-E/RT))
      REACTIONS CONSIDERED                              A        b        E

   1. 2A=>A2                                        1.00E-14    0.0        0.0
   2. 2B=>B2                                        1.00E-14    0.0        0.0
   3. A2=>2A                                        5.00E+00    0.0        0.0
   4. B2=>2B                                        5.00E+00    0.0        0.0
   5. O+A2=>OA2                                     1.00E-14    0.0        0.0
   6. O+B2=>OB2                                     1.00E-14    0.0        0.0
   7. OA2=>O+A2                                     1.00E+00    0.0        0.0
   8. OB2=>O+B2                                     1.00E+00    0.0        0.0
   9. O+AB=>O+A                                     1.00E+00    0.0        0.0
  10. O+AB=>O+B                                     1.00E+00    0.0        0.0
  11. OA2+AB=>OA2+A                                 1.00E+00    0.0        0.0
  12. OB2+AB=>OB2+B                                 1.00E+00    0.0        0.0
  13. A=>AB                                         2.50E-01    0.0        0.0
  14. B=>AB                                         2.50E-01    0.0        0.0

  NOTE:  A units mole-cm-sec-K, E units cal/mole



 NO ERRORS FOUND ON INPUT...CHEMKIN LINKING FILE WRITTEN.

 WORKING SPACE REQUIREMENTS ARE
    INTEGER:      237
    REAL:         321
    CHARACTER:     10
