
 CHEMKIN INTERPRETER OUTPUT: CHEMKIN-II Version 3.6 Apr. 1994
                              DOUBLE PRECISION

                          --------------------
                          ELEMENTS     ATOMIC
                          CONSIDERED   WEIGHT
                          --------------------
                           1. X       1.00000    
                          --------------------
 -------------------------------------------------------------------------------
                         C
                       P H
                       H A
                       A R
 SPECIES               S G MOLECULAR TEMPERATURE   ELEMENT COUNT
 CONSIDERED            E E WEIGHT    LOW    HIGH   X  
 -------------------------------------------------------------------------------
   1. S                G 0   1.00000  300.0 5000.0  1
   2. E                G 0   1.00000  300.0 5000.0  1
   3. SE               G 0   2.00000  300.0 5000.0  2
   4. P                G 0   1.00000  300.0 5000.0  1
 -------------------------------------------------------------------------------



                                                      (k = A T**b exp(-E/RT))
      REACTIONS CONSIDERED                              A        b        E

   1. S+E=>SE                                       1.00E+00    0.0        0.0
   2. SE=>S+E                                       1.00E+00    0.0        0.0
   3. SE=>P+E                                       1.00E+00    0.0        0.0

  NOTE:  A units mole-cm-sec-K, E units cal/mole



 NO ERRORS FOUND ON INPUT...CHEMKIN LINKING FILE WRITTEN.

 WORKING SPACE REQUIREMENTS ARE
    INTEGER:       59
    REAL:         122
    CHARACTER:      5
