
 CHEMKIN INTERPRETER OUTPUT: CHEMKIN-II Version 3.6 Apr. 1994
                              DOUBLE PRECISION

                          --------------------
                          ELEMENTS     ATOMIC
                          CONSIDERED   WEIGHT
                          --------------------
                           1. X       1.00000    
                          --------------------
 -------------------------------------------------------------------------------
                         C
                       P H
                       H A
                       A R
 SPECIES               S G MOLECULAR TEMPERATURE   ELEMENT COUNT
 CONSIDERED            E E WEIGHT    LOW    HIGH   X  
 -------------------------------------------------------------------------------
   1. A                G 0   1.00000  300.0 5000.0  1
   2. B                G 0   1.00000  300.0 5000.0  1
   3. C                G 0   1.00000  300.0 5000.0  1
   4. D                G 0   1.00000  300.0 5000.0  1
   5. E                G 0   1.00000  300.0 5000.0  1
   6. F                G 0   1.00000  300.0 5000.0  1
 -------------------------------------------------------------------------------



                                                      (k = A T**b exp(-E/RT))
      REACTIONS CONSIDERED                              A        b        E

   1. A=>B                                          4.00E+00    0.0        0.0
   2. A=>C                                          2.00E+00    0.0        0.0
   3. B=>D                                          5.00E+00    0.0        0.0
   4. C=>B                                          1.00E+00    0.0        0.0
   5. C=>D                                          8.00E+00    0.0        0.0
   6. C=>E                                          1.00E+01    0.0        0.0
   7. D=>E                                          2.00E+00    0.0        0.0
   8. D=>F                                          6.00E+00    0.0        0.0
   9. E=>F                                          3.00E+00    0.0        0.0

  NOTE:  A units mole-cm-sec-K, E units cal/mole



 NO ERRORS FOUND ON INPUT...CHEMKIN LINKING FILE WRITTEN.

 WORKING SPACE REQUIREMENTS ARE
    INTEGER:      151
    REAL:         226
    CHARACTER:      7
